#
# There is insufficient memory for the Java Runtime Environment to continue.
# Native memory allocation (malloc) failed to allocate 390208 bytes. Error detail: Chunk::new
# Possible reasons:
#   The system is out of physical RAM or swap space
#   This process is running with CompressedOops enabled, and the Java Heap may be blocking the growth of the native heap
# Possible solutions:
#   Reduce memory load on the system
#   Increase physical memory or swap space
#   Check if swap backing store is full
#   Decrease Java heap size (-Xmx/-Xms)
#   Decrease number of Java threads
#   Decrease Java thread stack sizes (-Xss)
#   Set larger code cache with -XX:ReservedCodeCacheSize=
#   JVM is running with Unscaled Compressed Oops mode in which the Java heap is
#     placed in the first 4GB address space. The Java Heap base address is the
#     maximum limit for the native heap growth. Please use -XX:HeapBaseMinAddress
#     to set the Java Heap base and to place the Java Heap above 4GB virtual address.
# This output file may be truncated or incomplete.
#
#  Out of Memory Error (arena.cpp:168), pid=21216, tid=23228
#
# JRE version: OpenJDK Runtime Environment Temurin-21.0.8+9 (21.0.8+9) (build 21.0.8+9-LTS)
# Java VM: OpenJDK 64-Bit Server VM Temurin-21.0.8+9 (21.0.8+9-LTS, mixed mode, sharing, tiered, compressed oops, compressed class ptrs, parallel gc, windows-amd64)
# No core dump will be written. Minidumps are not enabled by default on client versions of Windows
#

---------------  S U M M A R Y ------------

Command Line: --add-modules=ALL-SYSTEM --add-opens=java.base/java.util=ALL-UNNAMED --add-opens=java.base/java.lang=ALL-UNNAMED --add-opens=java.base/sun.nio.fs=ALL-UNNAMED -Declipse.application=org.eclipse.jdt.ls.core.id1 -Dosgi.bundles.defaultStartLevel=4 -Declipse.product=org.eclipse.jdt.ls.core.product -Djava.import.generatesMetadataFilesAtProjectRoot=false -DDetectVMInstallationsJob.disabled=true -Dfile.encoding=utf8 -XX:+UseParallelGC -XX:GCTimeRatio=4 -XX:AdaptiveSizePolicyWeight=90 -Dsun.zip.disableMemoryMapping=true -Xmx2G -Xms100m -Xlog:disable -javaagent:c:\Users\conno\.cursor\extensions\redhat.java-1.44.0-win32-x64\lombok\lombok-1.18.39-4050.jar c:\Users\conno\.cursor\extensions\redhat.java-1.44.0-win32-x64\server\plugins\org.eclipse.equinox.launcher_1.7.0.v20250519-0528.jar -configuration c:\Users\conno\AppData\Roaming\Cursor\User\globalStorage\redhat.java\1.44.0\config_ss_win -data c:\Users\conno\AppData\Roaming\Cursor\User\workspaceStorage\18dfb54ba2d38ec45be64e8ad51b5963\redhat.java\ss_ws --pipe=\\.\pipe\lsp-aa686af2f8a44d331b0da845a630abcb-sock

Host: AMD Ryzen 5 6600H with Radeon Graphics         , 12 cores, 7G,  Windows 11 , 64 bit Build 26100 (10.0.26100.4768)
Time: Fri Aug 29 10:27:08 2025 Pacific Daylight Time elapsed time: 42.300867 seconds (0d 0h 0m 42s)

---------------  T H R E A D  ---------------

Current thread (0x0000020088f43a30):  JavaThread "C2 CompilerThread0" daemon [_thread_in_native, id=23228, stack(0x000000acd5b00000,0x000000acd5c00000) (1024K)]


Current CompileTask:
C2:42300 6565       4       lombok.core.configuration.BubblingConfigurationResolver::resolve (432 bytes)

Stack: [0x000000acd5b00000,0x000000acd5c00000]
Native frames: (J=compiled Java code, j=interpreted, Vv=VM code, C=native code)
V  [jvm.dll+0x6d2449]
V  [jvm.dll+0x8ae341]
V  [jvm.dll+0x8b08be]
V  [jvm.dll+0x8b0fa3]
V  [jvm.dll+0x280c96]
V  [jvm.dll+0xc581d]
V  [jvm.dll+0xc5d53]
V  [jvm.dll+0x3b919c]
V  [jvm.dll+0x385315]
V  [jvm.dll+0x38477a]
V  [jvm.dll+0x248ed0]
V  [jvm.dll+0x2484af]
V  [jvm.dll+0x1c89ee]
V  [jvm.dll+0x257d4d]
V  [jvm.dll+0x2562ea]
V  [jvm.dll+0x3f2d16]
V  [jvm.dll+0x857e6b]
V  [jvm.dll+0x6d0b0d]
C  [ucrtbase.dll+0x37b0]
C  [KERNEL32.DLL+0x2e8d7]
C  [ntdll.dll+0x3c34c]


---------------  P R O C E S S  ---------------

Threads class SMR info:
_java_thread_list=0x00000200e4033920, length=40, elements={
0x0000020088e9eb70, 0x00000200a184e530, 0x0000020088f36af0, 0x0000020088f3f7b0,
0x0000020088f40200, 0x0000020088f40c50, 0x0000020088f42460, 0x0000020088f43a30,
0x0000020088f46580, 0x0000020088f02ae0, 0x00000200e4039dd0, 0x00000200e94fed00,
0x00000200e9501460, 0x00000200e94ff390, 0x00000200e9500dd0, 0x00000200e9502180,
0x00000200e94ffa20, 0x00000200e95000b0, 0x00000200e9500740, 0x00000200ebbb36f0,
0x00000200ebbb3060, 0x00000200ebbb5130, 0x00000200ebbb2340, 0x00000200ebbb3d80,
0x00000200ebbb1cb0, 0x00000200ebbb29d0, 0x00000200ebbb57c0, 0x00000200ebbb7890,
0x00000200ebbb4aa0, 0x00000200ebbb5e50, 0x00000200ebbb4410, 0x00000200ebbb92d0,
0x00000200ebbb7200, 0x00000200ebbb7f20, 0x00000200ebbb64e0, 0x00000200ebbb6b70,
0x00000200ebbb85b0, 0x00000200ebbb8c40, 0x00000200ea0e1760, 0x00000200ea0e1df0
}

Java Threads: ( => current thread )
  0x0000020088e9eb70 JavaThread "main"                              [_thread_blocked, id=12212, stack(0x000000acd5100000,0x000000acd5200000) (1024K)]
  0x00000200a184e530 JavaThread "Reference Handler"          daemon [_thread_blocked, id=37016, stack(0x000000acd5500000,0x000000acd5600000) (1024K)]
  0x0000020088f36af0 JavaThread "Finalizer"                  daemon [_thread_blocked, id=24388, stack(0x000000acd5600000,0x000000acd5700000) (1024K)]
  0x0000020088f3f7b0 JavaThread "Signal Dispatcher"          daemon [_thread_blocked, id=31908, stack(0x000000acd5700000,0x000000acd5800000) (1024K)]
  0x0000020088f40200 JavaThread "Attach Listener"            daemon [_thread_blocked, id=26208, stack(0x000000acd5800000,0x000000acd5900000) (1024K)]
  0x0000020088f40c50 JavaThread "Service Thread"             daemon [_thread_blocked, id=16680, stack(0x000000acd5900000,0x000000acd5a00000) (1024K)]
  0x0000020088f42460 JavaThread "Monitor Deflation Thread"   daemon [_thread_blocked, id=11836, stack(0x000000acd5a00000,0x000000acd5b00000) (1024K)]
=>0x0000020088f43a30 JavaThread "C2 CompilerThread0"         daemon [_thread_in_native, id=23228, stack(0x000000acd5b00000,0x000000acd5c00000) (1024K)]
  0x0000020088f46580 JavaThread "C1 CompilerThread0"         daemon [_thread_blocked, id=35828, stack(0x000000acd5c00000,0x000000acd5d00000) (1024K)]
  0x0000020088f02ae0 JavaThread "Common-Cleaner"             daemon [_thread_blocked, id=18952, stack(0x000000acd5d00000,0x000000acd5e00000) (1024K)]
  0x00000200e4039dd0 JavaThread "Notification Thread"        daemon [_thread_blocked, id=36688, stack(0x000000acd5f00000,0x000000acd6000000) (1024K)]
  0x00000200e94fed00 JavaThread "Active Thread: Equinox Container: b7f0359c-ca4e-4c4c-a23d-b0913cac18d5"        [_thread_blocked, id=37492, stack(0x000000acd6700000,0x000000acd6800000) (1024K)]
  0x00000200e9501460 JavaThread "Framework Event Dispatcher: Equinox Container: b7f0359c-ca4e-4c4c-a23d-b0913cac18d5" daemon [_thread_blocked, id=11596, stack(0x000000acd6800000,0x000000acd6900000) (1024K)]
  0x00000200e94ff390 JavaThread "Start Level: Equinox Container: b7f0359c-ca4e-4c4c-a23d-b0913cac18d5" daemon [_thread_blocked, id=192, stack(0x000000acd6900000,0x000000acd6a00000) (1024K)]
  0x00000200e9500dd0 JavaThread "SCR Component Actor"        daemon [_thread_blocked, id=30236, stack(0x000000acd6a00000,0x000000acd6b00000) (1024K)]
  0x00000200e9502180 JavaThread "Worker-JM"                         [_thread_blocked, id=30792, stack(0x000000acd6c00000,0x000000acd6d00000) (1024K)]
  0x00000200e94ffa20 JavaThread "JNA Cleaner"                daemon [_thread_blocked, id=3052, stack(0x000000acd6b00000,0x000000acd6c00000) (1024K)]
  0x00000200e95000b0 JavaThread "Worker-0: Publish Diagnostics"        [_thread_in_Java, id=38136, stack(0x000000acd6f00000,0x000000acd7000000) (1024K)]
  0x00000200e9500740 JavaThread "Worker-1"                          [_thread_blocked, id=6400, stack(0x000000acd7000000,0x000000acd7100000) (1024K)]
  0x00000200ebbb36f0 JavaThread "Thread-2"                   daemon [_thread_in_native, id=19584, stack(0x000000acd7400000,0x000000acd7500000) (1024K)]
  0x00000200ebbb3060 JavaThread "Thread-3"                   daemon [_thread_in_native, id=32872, stack(0x000000acd7500000,0x000000acd7600000) (1024K)]
  0x00000200ebbb5130 JavaThread "Thread-4"                   daemon [_thread_in_native, id=16496, stack(0x000000acd7600000,0x000000acd7700000) (1024K)]
  0x00000200ebbb2340 JavaThread "Thread-5"                   daemon [_thread_in_native, id=18548, stack(0x000000acd7700000,0x000000acd7800000) (1024K)]
  0x00000200ebbb3d80 JavaThread "Thread-6"                   daemon [_thread_in_native, id=10844, stack(0x000000acd7800000,0x000000acd7900000) (1024K)]
  0x00000200ebbb1cb0 JavaThread "Thread-7"                   daemon [_thread_in_native, id=17352, stack(0x000000acd7900000,0x000000acd7a00000) (1024K)]
  0x00000200ebbb29d0 JavaThread "Thread-8"                   daemon [_thread_in_native, id=34792, stack(0x000000acd7a00000,0x000000acd7b00000) (1024K)]
  0x00000200ebbb57c0 JavaThread "Thread-9"                   daemon [_thread_in_native, id=11644, stack(0x000000acd7b00000,0x000000acd7c00000) (1024K)]
  0x00000200ebbb7890 JavaThread "Thread-10"                  daemon [_thread_in_native, id=37916, stack(0x000000acd7c00000,0x000000acd7d00000) (1024K)]
  0x00000200ebbb4aa0 JavaThread "Thread-11"                  daemon [_thread_in_native, id=15444, stack(0x000000acd7d00000,0x000000acd7e00000) (1024K)]
  0x00000200ebbb5e50 JavaThread "Thread-12"                  daemon [_thread_in_native, id=33172, stack(0x000000acd7e00000,0x000000acd7f00000) (1024K)]
  0x00000200ebbb4410 JavaThread "Thread-13"                  daemon [_thread_in_native, id=37236, stack(0x000000acd7f00000,0x000000acd8000000) (1024K)]
  0x00000200ebbb92d0 JavaThread "Thread-14"                  daemon [_thread_in_native, id=20760, stack(0x000000acd8000000,0x000000acd8100000) (1024K)]
  0x00000200ebbb7200 JavaThread "pool-2-thread-1"                   [_thread_blocked, id=36528, stack(0x000000acd8100000,0x000000acd8200000) (1024K)]
  0x00000200ebbb7f20 JavaThread "Worker-2"                          [_thread_blocked, id=30684, stack(0x000000acd8200000,0x000000acd8300000) (1024K)]
  0x00000200ebbb64e0 JavaThread "WorkspaceEventsHandler"            [_thread_blocked, id=9032, stack(0x000000acd8300000,0x000000acd8400000) (1024K)]
  0x00000200ebbb6b70 JavaThread "pool-1-thread-1"                   [_thread_blocked, id=29504, stack(0x000000acd8400000,0x000000acd8500000) (1024K)]
  0x00000200ebbb85b0 JavaThread "ForkJoinPool.commonPool-worker-1" daemon [_thread_blocked, id=35224, stack(0x000000acd8500000,0x000000acd8600000) (1024K)]
  0x00000200ebbb8c40 JavaThread "ForkJoinPool.commonPool-worker-2" daemon [_thread_blocked, id=19180, stack(0x000000acd8600000,0x000000acd8700000) (1024K)]
  0x00000200ea0e1760 JavaThread "ForkJoinPool.commonPool-worker-3" daemon [_thread_blocked, id=30488, stack(0x000000acd8700000,0x000000acd8800000) (1024K)]
  0x00000200ea0e1df0 JavaThread "ForkJoinPool.commonPool-worker-4" daemon [_thread_blocked, id=18420, stack(0x000000acd8800000,0x000000acd8900000) (1024K)]
Total: 40

Other Threads:
  0x0000020088f346e0 VMThread "VM Thread"                           [id=27852, stack(0x000000acd5400000,0x000000acd5500000) (1024K)]
  0x00000200a172ca00 WatcherThread "VM Periodic Task Thread"        [id=20668, stack(0x000000acd5300000,0x000000acd5400000) (1024K)]
  0x0000020088eb52b0 WorkerThread "GC Thread#0"                     [id=15880, stack(0x000000acd5200000,0x000000acd5300000) (1024K)]
  0x00000200e9221100 WorkerThread "GC Thread#1"                     [id=20920, stack(0x000000acd6000000,0x000000acd6100000) (1024K)]
  0x00000200e92214a0 WorkerThread "GC Thread#2"                     [id=20776, stack(0x000000acd6100000,0x000000acd6200000) (1024K)]
  0x00000200e98a0ea0 WorkerThread "GC Thread#3"                     [id=18380, stack(0x000000acd6200000,0x000000acd6300000) (1024K)]
  0x00000200e98a1240 WorkerThread "GC Thread#4"                     [id=33288, stack(0x000000acd6300000,0x000000acd6400000) (1024K)]
  0x00000200e95dc450 WorkerThread "GC Thread#5"                     [id=33132, stack(0x000000acd6400000,0x000000acd6500000) (1024K)]
  0x00000200e95dc7f0 WorkerThread "GC Thread#6"                     [id=11516, stack(0x000000acd6500000,0x000000acd6600000) (1024K)]
  0x00000200e91bd9b0 WorkerThread "GC Thread#7"                     [id=12568, stack(0x000000acd6600000,0x000000acd6700000) (1024K)]
  0x00000200e9ac7070 WorkerThread "GC Thread#8"                     [id=36572, stack(0x000000acd6d00000,0x000000acd6e00000) (1024K)]
  0x00000200e9903ab0 WorkerThread "GC Thread#9"                     [id=35164, stack(0x000000acd6e00000,0x000000acd6f00000) (1024K)]
Total: 12

Threads with active compile tasks:
C2 CompilerThread0  42363 6565       4       lombok.core.configuration.BubblingConfigurationResolver::resolve (432 bytes)
C1 CompilerThread0  42363 6647       3       lombok.eclipse.EclipseNode::getModifiers (98 bytes)
Total: 2

VM state: not at safepoint (normal execution)

VM Mutex/Monitor currently owned by a thread: None

Heap address: 0x0000000080000000, size: 2048 MB, Compressed Oops mode: 32-bit

CDS archive(s) mapped at: [0x00000200a2000000-0x00000200a2ba0000-0x00000200a2ba0000), size 12189696, SharedBaseAddress: 0x00000200a2000000, ArchiveRelocationMode: 1.
Compressed class space mapped at: 0x00000200a3000000-0x00000200e3000000, reserved size: 1073741824
Narrow klass base: 0x00000200a2000000, Narrow klass shift: 0, Narrow klass range: 0x100000000

GC Precious Log:
 CardTable entry size: 512
 CPUs: 12 total, 12 available
 Memory: 7365M
 Large Page Support: Disabled
 NUMA Support: Disabled
 Compressed Oops: Enabled (32-bit)
 Alignments: Space 512K, Generation 512K, Heap 2M
 Heap Min Capacity: 100M
 Heap Initial Capacity: 100M
 Heap Max Capacity: 2G
 Pre-touch: Disabled
 Parallel Workers: 10

Heap:
 PSYoungGen      total 22528K, used 12152K [0x00000000d5580000, 0x00000000d6d80000, 0x0000000100000000)
  eden space 20480K, 50% used [0x00000000d5580000,0x00000000d5fa44f8,0x00000000d6980000)
  from space 2048K, 86% used [0x00000000d6980000,0x00000000d6b39b20,0x00000000d6b80000)
  to   space 2048K, 0% used [0x00000000d6b80000,0x00000000d6b80000,0x00000000d6d80000)
 ParOldGen       total 68608K, used 34339K [0x0000000080000000, 0x0000000084300000, 0x00000000d5580000)
  object space 68608K, 50% used [0x0000000080000000,0x0000000082188d40,0x0000000084300000)
 Metaspace       used 43683K, committed 44736K, reserved 1114112K
  class space    used 4434K, committed 4864K, reserved 1048576K

Card table byte_map: [0x000002009cb60000,0x000002009cf70000] _byte_map_base: 0x000002009c760000

Marking Bits: (ParMarkBitMap*) 0x00007fff14b5a340
 Begin Bits: [0x000002009d220000, 0x000002009f220000)
 End Bits:   [0x000002009f220000, 0x00000200a1220000)

Polling page: 0x0000020088bf0000

Metaspace:

Usage:
  Non-class:     38.33 MB used.
      Class:      4.33 MB used.
       Both:     42.66 MB used.

Virtual space:
  Non-class space:       64.00 MB reserved,      38.94 MB ( 61%) committed,  1 nodes.
      Class space:        1.00 GB reserved,       4.75 MB ( <1%) committed,  1 nodes.
             Both:        1.06 GB reserved,      43.69 MB (  4%) committed. 

Chunk freelists:
   Non-Class:  8.75 MB
       Class:  11.20 MB
        Both:  19.95 MB

MaxMetaspaceSize: unlimited
CompressedClassSpaceSize: 1.00 GB
Initial GC threshold: 21.00 MB
Current GC threshold: 58.38 MB
CDS: on
 - commit_granule_bytes: 65536.
 - commit_granule_words: 8192.
 - virtual_space_node_default_size: 8388608.
 - enlarge_chunks_in_place: 1.
 - use_allocation_guard: 0.


Internal statistics:

num_allocs_failed_limit: 6.
num_arena_births: 1174.
num_arena_deaths: 200.
num_vsnodes_births: 2.
num_vsnodes_deaths: 0.
num_space_committed: 699.
num_space_uncommitted: 0.
num_chunks_returned_to_freelist: 285.
num_chunks_taken_from_freelist: 3303.
num_chunk_merges: 111.
num_chunk_splits: 1943.
num_chunks_enlarged: 1053.
num_inconsistent_stats: 0.

CodeHeap 'non-profiled nmethods': size=120000Kb used=3559Kb max_used=3559Kb free=116440Kb
 bounds [0x0000020095450000, 0x00000200957d0000, 0x000002009c980000]
CodeHeap 'profiled nmethods': size=120000Kb used=13743Kb max_used=13743Kb free=106256Kb
 bounds [0x000002008d980000, 0x000002008e6f0000, 0x0000020094eb0000]
CodeHeap 'non-nmethods': size=5760Kb used=1407Kb max_used=1460Kb free=4352Kb
 bounds [0x0000020094eb0000, 0x0000020095120000, 0x0000020095450000]
CodeCache: size=245760Kb, used=18709Kb, max_used=18762Kb, free=227048Kb
 total_blobs=6936, nmethods=6217, adapters=625, full_count=0
Compilation: enabled, stopped_count=0, restarted_count=0

Compilation events (20 events):
Event: 40.282 Thread 0x0000020088f46580 6608       1       org.eclipse.jdt.internal.compiler.ASTVisitor::visit (2 bytes)
Event: 40.283 Thread 0x0000020088f46580 nmethod 6608 0x00000200957c8c10 code [0x00000200957c8da0, 0x00000200957c8e68]
Event: 40.283 Thread 0x0000020088f46580 6609       3       org.eclipse.jdt.internal.compiler.ast.BinaryExpression::<init> (44 bytes)
Event: 40.283 Thread 0x0000020088f46580 nmethod 6609 0x000002008e6cdb90 code [0x000002008e6cdd60, 0x000002008e6ce0a8]
Event: 40.283 Thread 0x0000020088f46580 6606       1       lombok.core.handlers.InclusionExclusionUtils$Included::hasExplicitRank (5 bytes)
Event: 40.283 Thread 0x0000020088f46580 nmethod 6606 0x00000200957c8f10 code [0x00000200957c90a0, 0x00000200957c9170]
Event: 40.283 Thread 0x0000020088f46580 6610       3       lombok.eclipse.handlers.SetGeneratedByVisitor::fixPositions (49 bytes)
Event: 40.283 Thread 0x0000020088f46580 nmethod 6610 0x000002008e6ce290 code [0x000002008e6ce420, 0x000002008e6ce550]
Event: 40.283 Thread 0x0000020088f46580 6611       3       java.lang.invoke.LambdaForm$MH/0x00000200a348d000::invoke (42 bytes)
Event: 40.286 Thread 0x0000020088f46580 nmethod 6611 0x000002008e6ce610 code [0x000002008e6ce8a0, 0x000002008e6cf620]
Event: 40.286 Thread 0x0000020088f46580 6612       3       org.eclipse.jdt.internal.compiler.ast.ReturnStatement::<init> (31 bytes)
Event: 40.286 Thread 0x0000020088f46580 nmethod 6612 0x000002008e6cfa90 code [0x000002008e6cfc40, 0x000002008e6cfe98]
Event: 40.286 Thread 0x0000020088f46580 6607       1       lombok.core.handlers.InclusionExclusionUtils$Included::access$0 (5 bytes)
Event: 40.287 Thread 0x0000020088f46580 nmethod 6607 0x00000200957c9210 code [0x00000200957c93a0, 0x00000200957c9450]
Event: 40.288 Thread 0x0000020088f46580 6614       3       org.eclipse.jdt.internal.compiler.parser.Parser::checkBit24 (33 bytes)
Event: 40.289 Thread 0x0000020088f46580 nmethod 6614 0x000002008e6cff90 code [0x000002008e6d01e0, 0x000002008e6d0930]
Event: 40.292 Thread 0x0000020088f46580 6616       3       lombok.eclipse.handlers.HandleVal::visitLocal (351 bytes)
Event: 40.294 Thread 0x0000020088f46580 nmethod 6616 0x000002008e6d0c10 code [0x000002008e6d1220, 0x000002008e6d5018]
Event: 40.294 Thread 0x0000020088f46580 6619       3       java.util.HashMap::putVal (300 bytes)
Event: 42.296 Thread 0x0000020088f46580 nmethod 6619 0x000002008e6d5f10 code [0x000002008e6d61c0, 0x000002008e6d71f8]

GC Heap History (20 events):
Event: 7.218 GC heap before
{Heap before GC invocations=18 (full 1):
 PSYoungGen      total 23552K, used 22976K [0x00000000d5580000, 0x00000000d6f00000, 0x0000000100000000)
  eden space 20992K, 100% used [0x00000000d5580000,0x00000000d6a00000,0x00000000d6a00000)
  from space 2560K, 77% used [0x00000000d6c80000,0x00000000d6e70000,0x00000000d6f00000)
  to   space 2560K, 0% used [0x00000000d6a00000,0x00000000d6a00000,0x00000000d6c80000)
 ParOldGen       total 68608K, used 26793K [0x0000000080000000, 0x0000000084300000, 0x00000000d5580000)
  object space 68608K, 39% used [0x0000000080000000,0x0000000081a2a4f8,0x0000000084300000)
 Metaspace       used 32780K, committed 33728K, reserved 1114112K
  class space    used 3343K, committed 3776K, reserved 1048576K
}
Event: 7.221 GC heap after
{Heap after GC invocations=18 (full 1):
 PSYoungGen      total 23040K, used 1720K [0x00000000d5580000, 0x00000000d6e00000, 0x0000000100000000)
  eden space 20992K, 0% used [0x00000000d5580000,0x00000000d5580000,0x00000000d6a00000)
  from space 2048K, 84% used [0x00000000d6a00000,0x00000000d6bae200,0x00000000d6c00000)
  to   space 2048K, 0% used [0x00000000d6c00000,0x00000000d6c00000,0x00000000d6e00000)
 ParOldGen       total 68608K, used 28609K [0x0000000080000000, 0x0000000084300000, 0x00000000d5580000)
  object space 68608K, 41% used [0x0000000080000000,0x0000000081bf04f8,0x0000000084300000)
 Metaspace       used 32780K, committed 33728K, reserved 1114112K
  class space    used 3343K, committed 3776K, reserved 1048576K
}
Event: 7.573 GC heap before
{Heap before GC invocations=19 (full 1):
 PSYoungGen      total 23040K, used 15026K [0x00000000d5580000, 0x00000000d6e00000, 0x0000000100000000)
  eden space 20992K, 63% used [0x00000000d5580000,0x00000000d627e718,0x00000000d6a00000)
  from space 2048K, 84% used [0x00000000d6a00000,0x00000000d6bae200,0x00000000d6c00000)
  to   space 2048K, 0% used [0x00000000d6c00000,0x00000000d6c00000,0x00000000d6e00000)
 ParOldGen       total 68608K, used 28609K [0x0000000080000000, 0x0000000084300000, 0x00000000d5580000)
  object space 68608K, 41% used [0x0000000080000000,0x0000000081bf04f8,0x0000000084300000)
 Metaspace       used 34814K, committed 35840K, reserved 1114112K
  class space    used 3560K, committed 4032K, reserved 1048576K
}
Event: 7.576 GC heap after
{Heap after GC invocations=19 (full 1):
 PSYoungGen      total 22016K, used 997K [0x00000000d5580000, 0x00000000d6d00000, 0x0000000100000000)
  eden space 20992K, 0% used [0x00000000d5580000,0x00000000d5580000,0x00000000d6a00000)
  from space 1024K, 97% used [0x00000000d6c00000,0x00000000d6cf9558,0x00000000d6d00000)
  to   space 1536K, 0% used [0x00000000d6a00000,0x00000000d6a00000,0x00000000d6b80000)
 ParOldGen       total 68608K, used 30222K [0x0000000080000000, 0x0000000084300000, 0x00000000d5580000)
  object space 68608K, 44% used [0x0000000080000000,0x0000000081d83928,0x0000000084300000)
 Metaspace       used 34814K, committed 35840K, reserved 1114112K
  class space    used 3560K, committed 4032K, reserved 1048576K
}
Event: 7.576 GC heap before
{Heap before GC invocations=20 (full 2):
 PSYoungGen      total 22016K, used 997K [0x00000000d5580000, 0x00000000d6d00000, 0x0000000100000000)
  eden space 20992K, 0% used [0x00000000d5580000,0x00000000d5580000,0x00000000d6a00000)
  from space 1024K, 97% used [0x00000000d6c00000,0x00000000d6cf9558,0x00000000d6d00000)
  to   space 1536K, 0% used [0x00000000d6a00000,0x00000000d6a00000,0x00000000d6b80000)
 ParOldGen       total 68608K, used 30222K [0x0000000080000000, 0x0000000084300000, 0x00000000d5580000)
  object space 68608K, 44% used [0x0000000080000000,0x0000000081d83928,0x0000000084300000)
 Metaspace       used 34814K, committed 35840K, reserved 1114112K
  class space    used 3560K, committed 4032K, reserved 1048576K
}
Event: 7.629 GC heap after
{Heap after GC invocations=20 (full 2):
 PSYoungGen      total 22016K, used 0K [0x00000000d5580000, 0x00000000d6d00000, 0x0000000100000000)
  eden space 20992K, 0% used [0x00000000d5580000,0x00000000d5580000,0x00000000d6a00000)
  from space 1024K, 0% used [0x00000000d6c00000,0x00000000d6c00000,0x00000000d6d00000)
  to   space 1536K, 0% used [0x00000000d6a00000,0x00000000d6a00000,0x00000000d6b80000)
 ParOldGen       total 68608K, used 28821K [0x0000000080000000, 0x0000000084300000, 0x00000000d5580000)
  object space 68608K, 42% used [0x0000000080000000,0x0000000081c254c0,0x0000000084300000)
 Metaspace       used 34649K, committed 35840K, reserved 1114112K
  class space    used 3513K, committed 4032K, reserved 1048576K
}
Event: 8.298 GC heap before
{Heap before GC invocations=21 (full 2):
 PSYoungGen      total 22016K, used 20992K [0x00000000d5580000, 0x00000000d6d00000, 0x0000000100000000)
  eden space 20992K, 100% used [0x00000000d5580000,0x00000000d6a00000,0x00000000d6a00000)
  from space 1024K, 0% used [0x00000000d6c00000,0x00000000d6c00000,0x00000000d6d00000)
  to   space 1536K, 0% used [0x00000000d6a00000,0x00000000d6a00000,0x00000000d6b80000)
 ParOldGen       total 68608K, used 28821K [0x0000000080000000, 0x0000000084300000, 0x00000000d5580000)
  object space 68608K, 42% used [0x0000000080000000,0x0000000081c254c0,0x0000000084300000)
 Metaspace       used 35560K, committed 36416K, reserved 1114112K
  class space    used 3636K, committed 4032K, reserved 1048576K
}
Event: 8.299 GC heap after
{Heap after GC invocations=21 (full 2):
 PSYoungGen      total 22528K, used 416K [0x00000000d5580000, 0x00000000d6c80000, 0x0000000100000000)
  eden space 20992K, 0% used [0x00000000d5580000,0x00000000d5580000,0x00000000d6a00000)
  from space 1536K, 27% used [0x00000000d6a00000,0x00000000d6a68000,0x00000000d6b80000)
  to   space 1024K, 0% used [0x00000000d6b80000,0x00000000d6b80000,0x00000000d6c80000)
 ParOldGen       total 68608K, used 28829K [0x0000000080000000, 0x0000000084300000, 0x00000000d5580000)
  object space 68608K, 42% used [0x0000000080000000,0x0000000081c274c0,0x0000000084300000)
 Metaspace       used 35560K, committed 36416K, reserved 1114112K
  class space    used 3636K, committed 4032K, reserved 1048576K
}
Event: 8.615 GC heap before
{Heap before GC invocations=22 (full 2):
 PSYoungGen      total 22528K, used 21319K [0x00000000d5580000, 0x00000000d6c80000, 0x0000000100000000)
  eden space 20992K, 99% used [0x00000000d5580000,0x00000000d69e9fd0,0x00000000d6a00000)
  from space 1536K, 27% used [0x00000000d6a00000,0x00000000d6a68000,0x00000000d6b80000)
  to   space 1024K, 0% used [0x00000000d6b80000,0x00000000d6b80000,0x00000000d6c80000)
 ParOldGen       total 68608K, used 28829K [0x0000000080000000, 0x0000000084300000, 0x00000000d5580000)
  object space 68608K, 42% used [0x0000000080000000,0x0000000081c274c0,0x0000000084300000)
 Metaspace       used 36651K, committed 37632K, reserved 1114112K
  class space    used 3735K, committed 4160K, reserved 1048576K
}
Event: 8.616 GC heap after
{Heap after GC invocations=22 (full 2):
 PSYoungGen      total 21504K, used 1021K [0x00000000d5580000, 0x00000000d6e00000, 0x0000000100000000)
  eden space 20480K, 0% used [0x00000000d5580000,0x00000000d5580000,0x00000000d6980000)
  from space 1024K, 99% used [0x00000000d6b80000,0x00000000d6c7f7e0,0x00000000d6c80000)
  to   space 2048K, 0% used [0x00000000d6980000,0x00000000d6980000,0x00000000d6b80000)
 ParOldGen       total 68608K, used 29546K [0x0000000080000000, 0x0000000084300000, 0x00000000d5580000)
  object space 68608K, 43% used [0x0000000080000000,0x0000000081cda8f8,0x0000000084300000)
 Metaspace       used 36651K, committed 37632K, reserved 1114112K
  class space    used 3735K, committed 4160K, reserved 1048576K
}
Event: 8.714 GC heap before
{Heap before GC invocations=23 (full 2):
 PSYoungGen      total 21504K, used 21501K [0x00000000d5580000, 0x00000000d6e00000, 0x0000000100000000)
  eden space 20480K, 100% used [0x00000000d5580000,0x00000000d6980000,0x00000000d6980000)
  from space 1024K, 99% used [0x00000000d6b80000,0x00000000d6c7f7e0,0x00000000d6c80000)
  to   space 2048K, 0% used [0x00000000d6980000,0x00000000d6980000,0x00000000d6b80000)
 ParOldGen       total 68608K, used 29546K [0x0000000080000000, 0x0000000084300000, 0x00000000d5580000)
  object space 68608K, 43% used [0x0000000080000000,0x0000000081cda8f8,0x0000000084300000)
 Metaspace       used 36664K, committed 37632K, reserved 1114112K
  class space    used 3735K, committed 4160K, reserved 1048576K
}
Event: 8.716 GC heap after
{Heap after GC invocations=23 (full 2):
 PSYoungGen      total 21504K, used 745K [0x00000000d5580000, 0x00000000d6c80000, 0x0000000100000000)
  eden space 20480K, 0% used [0x00000000d5580000,0x00000000d5580000,0x00000000d6980000)
  from space 1024K, 72% used [0x00000000d6980000,0x00000000d6a3a580,0x00000000d6a80000)
  to   space 1536K, 0% used [0x00000000d6b00000,0x00000000d6b00000,0x00000000d6c80000)
 ParOldGen       total 68608K, used 30936K [0x0000000080000000, 0x0000000084300000, 0x00000000d5580000)
  object space 68608K, 45% used [0x0000000080000000,0x0000000081e360b8,0x0000000084300000)
 Metaspace       used 36664K, committed 37632K, reserved 1114112K
  class space    used 3735K, committed 4160K, reserved 1048576K
}
Event: 9.147 GC heap before
{Heap before GC invocations=24 (full 2):
 PSYoungGen      total 21504K, used 21225K [0x00000000d5580000, 0x00000000d6c80000, 0x0000000100000000)
  eden space 20480K, 100% used [0x00000000d5580000,0x00000000d6980000,0x00000000d6980000)
  from space 1024K, 72% used [0x00000000d6980000,0x00000000d6a3a580,0x00000000d6a80000)
  to   space 1536K, 0% used [0x00000000d6b00000,0x00000000d6b00000,0x00000000d6c80000)
 ParOldGen       total 68608K, used 30936K [0x0000000080000000, 0x0000000084300000, 0x00000000d5580000)
  object space 68608K, 45% used [0x0000000080000000,0x0000000081e360b8,0x0000000084300000)
 Metaspace       used 38828K, committed 39744K, reserved 1114112K
  class space    used 3946K, committed 4352K, reserved 1048576K
}
Event: 9.149 GC heap after
{Heap after GC invocations=24 (full 2):
 PSYoungGen      total 21504K, used 928K [0x00000000d5580000, 0x00000000d6c00000, 0x0000000100000000)
  eden space 20480K, 0% used [0x00000000d5580000,0x00000000d5580000,0x00000000d6980000)
  from space 1024K, 90% used [0x00000000d6b00000,0x00000000d6be8000,0x00000000d6c00000)
  to   space 1024K, 0% used [0x00000000d6980000,0x00000000d6980000,0x00000000d6a80000)
 ParOldGen       total 68608K, used 30960K [0x0000000080000000, 0x0000000084300000, 0x00000000d5580000)
  object space 68608K, 45% used [0x0000000080000000,0x0000000081e3c0b8,0x0000000084300000)
 Metaspace       used 38828K, committed 39744K, reserved 1114112K
  class space    used 3946K, committed 4352K, reserved 1048576K
}
Event: 10.132 GC heap before
{Heap before GC invocations=25 (full 2):
 PSYoungGen      total 21504K, used 21408K [0x00000000d5580000, 0x00000000d6c00000, 0x0000000100000000)
  eden space 20480K, 100% used [0x00000000d5580000,0x00000000d6980000,0x00000000d6980000)
  from space 1024K, 90% used [0x00000000d6b00000,0x00000000d6be8000,0x00000000d6c00000)
  to   space 1024K, 0% used [0x00000000d6980000,0x00000000d6980000,0x00000000d6a80000)
 ParOldGen       total 68608K, used 30960K [0x0000000080000000, 0x0000000084300000, 0x00000000d5580000)
  object space 68608K, 45% used [0x0000000080000000,0x0000000081e3c0b8,0x0000000084300000)
 Metaspace       used 41018K, committed 42048K, reserved 1114112K
  class space    used 4159K, committed 4544K, reserved 1048576K
}
Event: 10.137 GC heap after
{Heap after GC invocations=25 (full 2):
 PSYoungGen      total 21504K, used 1010K [0x00000000d5580000, 0x00000000d6e80000, 0x0000000100000000)
  eden space 20480K, 0% used [0x00000000d5580000,0x00000000d5580000,0x00000000d6980000)
  from space 1024K, 98% used [0x00000000d6980000,0x00000000d6a7c948,0x00000000d6a80000)
  to   space 2560K, 0% used [0x00000000d6c00000,0x00000000d6c00000,0x00000000d6e80000)
 ParOldGen       total 68608K, used 32175K [0x0000000080000000, 0x0000000084300000, 0x00000000d5580000)
  object space 68608K, 46% used [0x0000000080000000,0x0000000081f6bdd8,0x0000000084300000)
 Metaspace       used 41018K, committed 42048K, reserved 1114112K
  class space    used 4159K, committed 4544K, reserved 1048576K
}
Event: 10.362 GC heap before
{Heap before GC invocations=26 (full 2):
 PSYoungGen      total 21504K, used 21490K [0x00000000d5580000, 0x00000000d6e80000, 0x0000000100000000)
  eden space 20480K, 100% used [0x00000000d5580000,0x00000000d6980000,0x00000000d6980000)
  from space 1024K, 98% used [0x00000000d6980000,0x00000000d6a7c948,0x00000000d6a80000)
  to   space 2560K, 0% used [0x00000000d6c00000,0x00000000d6c00000,0x00000000d6e80000)
 ParOldGen       total 68608K, used 32175K [0x0000000080000000, 0x0000000084300000, 0x00000000d5580000)
  object space 68608K, 46% used [0x0000000080000000,0x0000000081f6bdd8,0x0000000084300000)
 Metaspace       used 41479K, committed 42496K, reserved 1114112K
  class space    used 4203K, committed 4608K, reserved 1048576K
}
Event: 10.366 GC heap after
{Heap after GC invocations=26 (full 2):
 PSYoungGen      total 22016K, used 1456K [0x00000000d5580000, 0x00000000d6d80000, 0x0000000100000000)
  eden space 20480K, 0% used [0x00000000d5580000,0x00000000d5580000,0x00000000d6980000)
  from space 1536K, 94% used [0x00000000d6c00000,0x00000000d6d6c030,0x00000000d6d80000)
  to   space 2048K, 0% used [0x00000000d6980000,0x00000000d6980000,0x00000000d6b80000)
 ParOldGen       total 68608K, used 33124K [0x0000000080000000, 0x0000000084300000, 0x00000000d5580000)
  object space 68608K, 48% used [0x0000000080000000,0x0000000082059368,0x0000000084300000)
 Metaspace       used 41479K, committed 42496K, reserved 1114112K
  class space    used 4203K, committed 4608K, reserved 1048576K
}
Event: 10.821 GC heap before
{Heap before GC invocations=27 (full 2):
 PSYoungGen      total 22016K, used 21936K [0x00000000d5580000, 0x00000000d6d80000, 0x0000000100000000)
  eden space 20480K, 100% used [0x00000000d5580000,0x00000000d6980000,0x00000000d6980000)
  from space 1536K, 94% used [0x00000000d6c00000,0x00000000d6d6c030,0x00000000d6d80000)
  to   space 2048K, 0% used [0x00000000d6980000,0x00000000d6980000,0x00000000d6b80000)
 ParOldGen       total 68608K, used 33124K [0x0000000080000000, 0x0000000084300000, 0x00000000d5580000)
  object space 68608K, 48% used [0x0000000080000000,0x0000000082059368,0x0000000084300000)
 Metaspace       used 43518K, committed 44608K, reserved 1114112K
  class space    used 4428K, committed 4864K, reserved 1048576K
}
Event: 10.827 GC heap after
{Heap after GC invocations=27 (full 2):
 PSYoungGen      total 22528K, used 1766K [0x00000000d5580000, 0x00000000d6d80000, 0x0000000100000000)
  eden space 20480K, 0% used [0x00000000d5580000,0x00000000d5580000,0x00000000d6980000)
  from space 2048K, 86% used [0x00000000d6980000,0x00000000d6b39b20,0x00000000d6b80000)
  to   space 2048K, 0% used [0x00000000d6b80000,0x00000000d6b80000,0x00000000d6d80000)
 ParOldGen       total 68608K, used 34339K [0x0000000080000000, 0x0000000084300000, 0x00000000d5580000)
  object space 68608K, 50% used [0x0000000080000000,0x0000000082188d40,0x0000000084300000)
 Metaspace       used 43518K, committed 44608K, reserved 1114112K
  class space    used 4428K, committed 4864K, reserved 1048576K
}

Dll operation events (10 events):
Event: 0.025 Loaded shared library c:\Users\conno\.cursor\extensions\redhat.java-1.44.0-win32-x64\jre\21.0.8-win32-x86_64\bin\java.dll
Event: 0.135 Loaded shared library c:\Users\conno\.cursor\extensions\redhat.java-1.44.0-win32-x64\jre\21.0.8-win32-x86_64\bin\zip.dll
Event: 0.174 Loaded shared library C:\Users\conno\.cursor\extensions\redhat.java-1.44.0-win32-x64\jre\21.0.8-win32-x86_64\bin\instrument.dll
Event: 0.181 Loaded shared library C:\Users\conno\.cursor\extensions\redhat.java-1.44.0-win32-x64\jre\21.0.8-win32-x86_64\bin\net.dll
Event: 0.185 Loaded shared library C:\Users\conno\.cursor\extensions\redhat.java-1.44.0-win32-x64\jre\21.0.8-win32-x86_64\bin\nio.dll
Event: 0.190 Loaded shared library C:\Users\conno\.cursor\extensions\redhat.java-1.44.0-win32-x64\jre\21.0.8-win32-x86_64\bin\zip.dll
Event: 0.214 Loaded shared library C:\Users\conno\.cursor\extensions\redhat.java-1.44.0-win32-x64\jre\21.0.8-win32-x86_64\bin\jimage.dll
Event: 0.354 Loaded shared library c:\Users\conno\.cursor\extensions\redhat.java-1.44.0-win32-x64\jre\21.0.8-win32-x86_64\bin\verify.dll
Event: 2.495 Loaded shared library C:\Users\conno\AppData\Roaming\Cursor\User\globalStorage\redhat.java\1.44.0\config_ss_win\org.eclipse.equinox.launcher\org.eclipse.equinox.launcher.win32.win32.x86_64_1.2.1400.v20250730-1736\eclipse_11913.dll
Event: 3.860 Loaded shared library C:\Users\conno\AppData\Local\Temp\jna-94844611\jna17349100328663574042.dll

Deoptimization events (20 events):
Event: 40.161 Thread 0x00000200ebbb6b70 DEOPT PACKING pc=0x000002009547f568 sp=0x000000acd84fdc10
Event: 40.161 Thread 0x00000200ebbb6b70 DEOPT UNPACKING pc=0x0000020094f03aa2 sp=0x000000acd84fdba0 mode 2
Event: 40.200 Thread 0x00000200ebbb6b70 Uncommon trap: trap_request=0xffffff45 fr.pc=0x0000020095461f8c relative=0x000000000000016c
Event: 40.200 Thread 0x00000200ebbb6b70 Uncommon trap: reason=unstable_if action=reinterpret pc=0x0000020095461f8c method=java.lang.StringCoding.countPositives([BII)I @ 17 c2
Event: 40.200 Thread 0x00000200ebbb6b70 DEOPT PACKING pc=0x0000020095461f8c sp=0x000000acd84fd850
Event: 40.200 Thread 0x00000200ebbb6b70 DEOPT UNPACKING pc=0x0000020094f03aa2 sp=0x000000acd84fd7f8 mode 2
Event: 40.234 Thread 0x00000200ebbb6b70 DEOPT PACKING pc=0x000002008e4e300f sp=0x000000acd84fcaf0
Event: 40.234 Thread 0x00000200ebbb6b70 DEOPT UNPACKING pc=0x0000020094f04242 sp=0x000000acd84fc008 mode 0
Event: 40.261 Thread 0x00000200ebbb6b70 Uncommon trap: trap_request=0xffffff45 fr.pc=0x000002009572efe8 relative=0x00000000000001c8
Event: 40.261 Thread 0x00000200ebbb6b70 Uncommon trap: reason=unstable_if action=reinterpret pc=0x000002009572efe8 method=java.util.HashMap.putVal(ILjava/lang/Object;Ljava/lang/Object;ZZ)Ljava/lang/Object; @ 162 c2
Event: 40.261 Thread 0x00000200ebbb6b70 DEOPT PACKING pc=0x000002009572efe8 sp=0x000000acd84fd920
Event: 40.261 Thread 0x00000200ebbb6b70 DEOPT UNPACKING pc=0x0000020094f03aa2 sp=0x000000acd84fd810 mode 2
Event: 40.262 Thread 0x00000200ebbb6b70 Uncommon trap: trap_request=0xffffff45 fr.pc=0x00000200954af118 relative=0x0000000000000438
Event: 40.262 Thread 0x00000200ebbb6b70 Uncommon trap: reason=unstable_if action=reinterpret pc=0x00000200954af118 method=java.util.HashMap.resize()[Ljava/util/HashMap$Node; @ 203 c2
Event: 40.262 Thread 0x00000200ebbb6b70 DEOPT PACKING pc=0x00000200954af118 sp=0x000000acd84fd960
Event: 40.262 Thread 0x00000200ebbb6b70 DEOPT UNPACKING pc=0x0000020094f03aa2 sp=0x000000acd84fd8c0 mode 2
Event: 40.293 Thread 0x00000200ebbb6b70 Uncommon trap: trap_request=0xffffff45 fr.pc=0x000002009572cd9c relative=0x000000000000017c
Event: 40.293 Thread 0x00000200ebbb6b70 Uncommon trap: reason=unstable_if action=reinterpret pc=0x000002009572cd9c method=java.util.HashMap.putVal(ILjava/lang/Object;Ljava/lang/Object;ZZ)Ljava/lang/Object; @ 162 c2
Event: 40.293 Thread 0x00000200ebbb6b70 DEOPT PACKING pc=0x000002009572cd9c sp=0x000000acd84fd770
Event: 40.293 Thread 0x00000200ebbb6b70 DEOPT UNPACKING pc=0x0000020094f03aa2 sp=0x000000acd84fd6e0 mode 2

Classes loaded (20 events):
Event: 9.173 Loading class java/util/WeakHashMap$KeyIterator
Event: 9.173 Loading class java/util/WeakHashMap$KeyIterator done
Event: 9.180 Loading class java/util/regex/PatternSyntaxException
Event: 9.181 Loading class java/util/regex/PatternSyntaxException done
Event: 9.199 Loading class java/util/concurrent/CompletionException
Event: 9.199 Loading class java/util/concurrent/CompletionException done
Event: 9.632 Loading class java/lang/UnsupportedClassVersionError
Event: 9.633 Loading class java/lang/UnsupportedClassVersionError done
Event: 9.633 Loading class java/io/FileReader
Event: 9.633 Loading class java/io/FileReader done
Event: 9.863 Loading class java/util/stream/ReduceOps$4
Event: 9.864 Loading class java/util/stream/ReduceOps$4 done
Event: 9.864 Loading class java/util/stream/ReduceOps$4ReducingSink
Event: 9.865 Loading class java/util/stream/ReduceOps$4ReducingSink done
Event: 10.172 Loading class java/util/regex/Pattern$Pos
Event: 10.172 Loading class java/util/regex/Pattern$Pos done
Event: 10.795 Loading class java/util/concurrent/ConcurrentHashMap$TreeNode
Event: 10.795 Loading class java/util/concurrent/ConcurrentHashMap$TreeNode done
Event: 10.795 Loading class java/util/concurrent/ConcurrentHashMap$TreeBin
Event: 10.796 Loading class java/util/concurrent/ConcurrentHashMap$TreeBin done

Classes unloaded (20 events):
Event: 7.584 Thread 0x0000020088f346e0 Unloading class 0x00000200a338d400 'java/lang/invoke/LambdaForm$MH+0x00000200a338d400'
Event: 7.584 Thread 0x0000020088f346e0 Unloading class 0x00000200a338d800 'java/lang/invoke/LambdaForm$MH+0x00000200a338d800'
Event: 7.584 Thread 0x0000020088f346e0 Unloading class 0x00000200a338dc00 'java/lang/invoke/LambdaForm$MH+0x00000200a338dc00'
Event: 7.584 Thread 0x0000020088f346e0 Unloading class 0x00000200a338d000 'java/lang/invoke/LambdaForm$MH+0x00000200a338d000'
Event: 7.584 Thread 0x0000020088f346e0 Unloading class 0x00000200a338c800 'java/lang/invoke/LambdaForm$MH+0x00000200a338c800'
Event: 7.584 Thread 0x0000020088f346e0 Unloading class 0x00000200a338c400 'java/lang/invoke/LambdaForm$MH+0x00000200a338c400'
Event: 7.584 Thread 0x0000020088f346e0 Unloading class 0x00000200a338c000 'java/lang/invoke/LambdaForm$MH+0x00000200a338c000'
Event: 7.584 Thread 0x0000020088f346e0 Unloading class 0x00000200a338bc00 'java/lang/invoke/LambdaForm$MH+0x00000200a338bc00'
Event: 7.584 Thread 0x0000020088f346e0 Unloading class 0x00000200a338b000 'java/lang/invoke/LambdaForm$MH+0x00000200a338b000'
Event: 7.584 Thread 0x0000020088f346e0 Unloading class 0x00000200a338b400 'java/lang/invoke/LambdaForm$MH+0x00000200a338b400'
Event: 7.584 Thread 0x0000020088f346e0 Unloading class 0x00000200a338ac00 'java/lang/invoke/LambdaForm$MH+0x00000200a338ac00'
Event: 7.584 Thread 0x0000020088f346e0 Unloading class 0x00000200a338a800 'java/lang/invoke/LambdaForm$MH+0x00000200a338a800'
Event: 7.584 Thread 0x0000020088f346e0 Unloading class 0x00000200a338a400 'java/lang/invoke/LambdaForm$MH+0x00000200a338a400'
Event: 7.584 Thread 0x0000020088f346e0 Unloading class 0x00000200a338a000 'java/lang/invoke/LambdaForm$MH+0x00000200a338a000'
Event: 7.584 Thread 0x0000020088f346e0 Unloading class 0x00000200a3389c00 'java/lang/invoke/LambdaForm$MH+0x00000200a3389c00'
Event: 7.584 Thread 0x0000020088f346e0 Unloading class 0x00000200a3389800 'java/lang/invoke/LambdaForm$MH+0x00000200a3389800'
Event: 7.584 Thread 0x0000020088f346e0 Unloading class 0x00000200a3389000 'java/lang/invoke/LambdaForm$DMH+0x00000200a3389000'
Event: 7.584 Thread 0x0000020088f346e0 Unloading class 0x00000200a3388800 'java/lang/invoke/LambdaForm$DMH+0x00000200a3388800'
Event: 7.584 Thread 0x0000020088f346e0 Unloading class 0x00000200a3388400 'java/lang/invoke/LambdaForm$DMH+0x00000200a3388400'
Event: 7.584 Thread 0x0000020088f346e0 Unloading class 0x00000200a3388000 'java/lang/invoke/LambdaForm$DMH+0x00000200a3388000'

Classes redefined (0 events):
No events

Internal exceptions (20 events):
Event: 9.253 Thread 0x00000200ebbb6b70 Exception <a 'java/lang/IncompatibleClassChangeError'{0x00000000d5b4c790}: Found class java.lang.Object, but interface was expected> (0x00000000d5b4c790) 
thrown [s\src\hotspot\share\interpreter\linkResolver.cpp, line 840]
Event: 9.590 Thread 0x00000200e95000b0 Exception <a 'java/lang/NoSuchMethodError'{0x00000000d5c21ed0}: 'java.lang.Object java.lang.invoke.DirectMethodHandle$Holder.invokeSpecial(java.lang.Object, java.lang.Object, int, long)'> (0x00000000d5c21ed0) 
thrown [s\src\hotspot\share\interpreter\linkResolver.cpp, line 773]
Event: 9.615 Thread 0x00000200ea0e1760 Exception <a 'java/lang/ArrayIndexOutOfBoundsException'{0x00000000d5d89820}> (0x00000000d5d89820) 
thrown [s\src\hotspot\share\runtime\sharedRuntime.cpp, line 625]
Event: 9.663 Thread 0x00000200ebbb8c40 Exception <a 'java/lang/NoSuchMethodError'{0x00000000d5ea0d98}: 'int java.lang.invoke.Invokers$Holder.invokeExact_MT(java.lang.Object, java.lang.Object)'> (0x00000000d5ea0d98) 
thrown [s\src\hotspot\share\interpreter\linkResolver.cpp, line 773]
Event: 9.759 Thread 0x00000200ebbb8c40 Exception <a 'java/lang/NoSuchMethodError'{0x00000000d6045968}: 'int java.lang.invoke.DirectMethodHandle$Holder.invokeInterface(java.lang.Object, java.lang.Object)'> (0x00000000d6045968) 
thrown [s\src\hotspot\share\interpreter\linkResolver.cpp, line 773]
Event: 9.759 Thread 0x00000200ebbb8c40 Exception <a 'java/lang/IncompatibleClassChangeError'{0x00000000d6048f48}: Found class java.lang.Object, but interface was expected> (0x00000000d6048f48) 
thrown [s\src\hotspot\share\interpreter\linkResolver.cpp, line 840]
Event: 9.874 Thread 0x00000200ebbb8c40 Exception <a 'java/lang/NoSuchMethodError'{0x00000000d6336800}: 'int java.lang.invoke.DirectMethodHandle$Holder.invokeSpecialIFC(java.lang.Object, java.lang.Object, java.lang.Object)'> (0x00000000d6336800) 
thrown [s\src\hotspot\share\interpreter\linkResolver.cpp, line 773]
Event: 9.943 Thread 0x00000200ebbb8c40 Exception <a 'java/io/FileNotFoundException'{0x00000000d64b10f0}> (0x00000000d64b10f0) 
thrown [s\src\hotspot\share\prims\jni.cpp, line 520]
Event: 9.944 Thread 0x00000200ebbb8c40 Exception <a 'java/io/FileNotFoundException'{0x00000000d64b23a8}> (0x00000000d64b23a8) 
thrown [s\src\hotspot\share\prims\jni.cpp, line 520]
Event: 10.211 Thread 0x00000200ebbb8c40 Exception <a 'java/lang/NoSuchMethodError'{0x00000000d5893f70}: 'java.lang.Object java.lang.invoke.DirectMethodHandle$Holder.invokeStatic(java.lang.Object, java.lang.Object, int, int)'> (0x00000000d5893f70) 
thrown [s\src\hotspot\share\interpreter\linkResolver.cpp, line 773]
Event: 10.212 Thread 0x00000200ebbb8c40 Exception <a 'java/lang/NoSuchMethodError'{0x00000000d5898280}: 'java.lang.Object java.lang.invoke.DirectMethodHandle$Holder.invokeSpecial(java.lang.Object, java.lang.Object, java.lang.Object, int, int)'> (0x00000000d5898280) 
thrown [s\src\hotspot\share\interpreter\linkResolver.cpp, line 773]
Event: 10.425 Thread 0x00000200ebbb8c40 Exception <a 'java/lang/LinkageError'{0x00000000d576e970}: loader lombok.launch.ShadowClassLoader @19a00cfe attempted duplicate class definition for lombok.launch.PatchFixesHider$Val. (lombok.launch.PatchFixesHider$Val is in unnamed module of loader lombok.launch.ShadowClassLoader @19a00cfe, parent loader org.eclipse.osgi.internal.loader.EquinoxClassLoader @68d82d)> (0x00000000d576e970) 
thrown [s\src\hotspot\share\classfile\systemDictionary.cpp, line 1682]
Event: 10.459 Thread 0x00000200ebbb8c40 Exception <a 'java/lang/LinkageError'{0x00000000d58bae90}: loader lombok.launch.ShadowClassLoader @19a00cfe attempted duplicate class definition for lombok.launch.PatchFixesHider$ExtensionMethod. (lombok.launch.PatchFixesHider$ExtensionMethod is in unnamed module of loader lombok.launch.ShadowClassLoader @19a00cfe, parent loader org.eclipse.osgi.internal.loader.EquinoxClassLoader @68d82d)> (0x00000000d58bae90) 
thrown [s\src\hotspot\share\classfile\systemDictionary.cpp, line 1682]
Event: 10.521 Thread 0x00000200e95000b0 Exception <a 'java/lang/NoSuchMethodError'{0x00000000d5b1fd98}: 'void java.lang.invoke.DirectMethodHandle$Holder.invokeVirtual(java.lang.Object, java.lang.Object, java.lang.Object, java.lang.Object, java.lang.Object)'> (0x00000000d5b1fd98) 
thrown [s\src\hotspot\share\interpreter\linkResolver.cpp, line 773]
Event: 10.521 Thread 0x00000200ebbb8c40 Exception <a 'java/lang/NoSuchMethodError'{0x00000000d5a97b48}: 'void java.lang.invoke.DirectMethodHandle$Holder.invokeVirtual(java.lang.Object, java.lang.Object, java.lang.Object, java.lang.Object, java.lang.Object)'> (0x00000000d5a97b48) 
thrown [s\src\hotspot\share\interpreter\linkResolver.cpp, line 773]
Event: 10.552 Thread 0x00000200ebbb8c40 Exception <a 'java/lang/NoSuchMethodError'{0x00000000d5c41718}: 'java.lang.Object java.lang.invoke.DirectMethodHandle$Holder.invokeStatic(java.lang.Object, java.lang.Object, int, java.lang.Object, java.lang.Object)'> (0x00000000d5c41718) 
thrown [s\src\hotspot\share\interpreter\linkResolver.cpp, line 773]
Event: 10.553 Thread 0x00000200e95000b0 Exception <a 'java/lang/NoSuchMethodError'{0x00000000d5c46338}: 'java.lang.Object java.lang.invoke.DirectMethodHandle$Holder.invokeStatic(java.lang.Object, java.lang.Object, int, java.lang.Object, java.lang.Object)'> (0x00000000d5c46338) 
thrown [s\src\hotspot\share\interpreter\linkResolver.cpp, line 773]
Event: 10.662 Thread 0x00000200e95000b0 Exception <a 'java/io/FileNotFoundException'{0x00000000d6028b80}> (0x00000000d6028b80) 
thrown [s\src\hotspot\share\prims\jni.cpp, line 520]
Event: 10.662 Thread 0x00000200e95000b0 Exception <a 'java/io/FileNotFoundException'{0x00000000d6029b90}> (0x00000000d6029b90) 
thrown [s\src\hotspot\share\prims\jni.cpp, line 520]
Event: 10.662 Thread 0x00000200e95000b0 Exception <a 'java/io/FileNotFoundException'{0x00000000d602a908}> (0x00000000d602a908) 
thrown [s\src\hotspot\share\prims\jni.cpp, line 520]

ZGC Phase Switch (0 events):
No events

VM Operations (20 events):
Event: 10.174 Executing VM operation: HandshakeAllThreads (Deoptimize) done
Event: 10.362 Executing VM operation: ParallelGCFailedAllocation (Allocation Failure)
Event: 10.366 Executing VM operation: ParallelGCFailedAllocation (Allocation Failure) done
Event: 10.436 Executing VM operation: HandshakeAllThreads (Deoptimize)
Event: 10.436 Executing VM operation: HandshakeAllThreads (Deoptimize) done
Event: 10.594 Executing VM operation: ICBufferFull
Event: 10.594 Executing VM operation: ICBufferFull done
Event: 10.594 Executing VM operation: ICBufferFull
Event: 10.594 Executing VM operation: ICBufferFull done
Event: 10.758 Executing VM operation: ICBufferFull
Event: 10.769 Executing VM operation: ICBufferFull done
Event: 10.821 Executing VM operation: ParallelGCFailedAllocation (Allocation Failure)
Event: 10.827 Executing VM operation: ParallelGCFailedAllocation (Allocation Failure) done
Event: 18.907 Executing VM operation: Cleanup
Event: 18.907 Executing VM operation: Cleanup done
Event: 34.016 Executing VM operation: Cleanup
Event: 34.016 Executing VM operation: Cleanup done
Event: 37.039 Executing VM operation: Cleanup
Event: 37.039 Executing VM operation: Cleanup done
Event: 41.061 Executing VM operation: Cleanup

Memory protections (0 events):
No events

Nmethod flushes (20 events):
Event: 7.600 Thread 0x0000020088f346e0 flushing  nmethod 0x000002008dcc9f10
Event: 7.600 Thread 0x0000020088f346e0 flushing  nmethod 0x000002008dcccc10
Event: 7.600 Thread 0x0000020088f346e0 flushing  nmethod 0x000002008dcccf10
Event: 7.600 Thread 0x0000020088f346e0 flushing  nmethod 0x000002008dce0390
Event: 7.600 Thread 0x0000020088f346e0 flushing  nmethod 0x000002008dce0710
Event: 7.600 Thread 0x0000020088f346e0 flushing  nmethod 0x000002008dd28d90
Event: 7.600 Thread 0x0000020088f346e0 flushing  nmethod 0x000002008dd5c110
Event: 7.600 Thread 0x0000020088f346e0 flushing  nmethod 0x000002008dda3e10
Event: 7.600 Thread 0x0000020088f346e0 flushing  nmethod 0x000002008dda4290
Event: 7.600 Thread 0x0000020088f346e0 flushing  nmethod 0x000002008dda8a90
Event: 7.600 Thread 0x0000020088f346e0 flushing  nmethod 0x000002008ddd8a90
Event: 7.600 Thread 0x0000020088f346e0 flushing  nmethod 0x000002008ddd9490
Event: 7.600 Thread 0x0000020088f346e0 flushing  nmethod 0x000002008ddddd90
Event: 7.600 Thread 0x0000020088f346e0 flushing  nmethod 0x000002008de16610
Event: 7.600 Thread 0x0000020088f346e0 flushing  nmethod 0x000002008de2cd90
Event: 7.600 Thread 0x0000020088f346e0 flushing  nmethod 0x000002008de30810
Event: 7.600 Thread 0x0000020088f346e0 flushing  nmethod 0x000002008de30f90
Event: 7.600 Thread 0x0000020088f346e0 flushing  nmethod 0x000002008de6f190
Event: 7.600 Thread 0x0000020088f346e0 flushing  nmethod 0x000002008de6ff10
Event: 7.600 Thread 0x0000020088f346e0 flushing  nmethod 0x000002008de83e90

Events (20 events):
Event: 5.500 Thread 0x0000020088e9eb70 Thread added: 0x00000200ebbb1cb0
Event: 5.500 Thread 0x0000020088e9eb70 Thread added: 0x00000200ebbb29d0
Event: 5.500 Thread 0x0000020088e9eb70 Thread added: 0x00000200ebbb57c0
Event: 5.500 Thread 0x0000020088e9eb70 Thread added: 0x00000200ebbb7890
Event: 5.501 Thread 0x0000020088e9eb70 Thread added: 0x00000200ebbb4aa0
Event: 5.501 Thread 0x0000020088e9eb70 Thread added: 0x00000200ebbb5e50
Event: 5.501 Thread 0x0000020088e9eb70 Thread added: 0x00000200ebbb4410
Event: 5.501 Thread 0x0000020088e9eb70 Thread added: 0x00000200ebbb92d0
Event: 5.568 Thread 0x0000020088e9eb70 Thread added: 0x00000200ebbb7200
Event: 5.755 Thread 0x00000200e9500740 Thread added: 0x00000200ebbb7f20
Event: 5.869 Thread 0x0000020088e9eb70 Thread added: 0x00000200ebbb64e0
Event: 5.869 Thread 0x0000020088e9eb70 Thread added: 0x00000200ebbb6b70
Event: 6.363 Thread 0x00000200ebbb6b70 Thread added: 0x00000200ebbb85b0
Event: 6.365 Thread 0x00000200ebbb6b70 Thread added: 0x00000200ebbb8c40
Event: 6.366 Thread 0x00000200ebbb6b70 Thread added: 0x00000200ea0e1760
Event: 6.368 Thread 0x00000200ebbb6b70 Thread added: 0x00000200ea0e1df0
Event: 8.992 Thread 0x00000200e9501af0 Thread exited: 0x00000200e9501af0
Event: 16.383 Thread 0x00000200eb8b5d90 Thread exited: 0x00000200eb8b5d90
Event: 36.242 Thread 0x0000020088f46580 Thread added: 0x00000200e97b02d0
Event: 40.195 Thread 0x00000200e97b02d0 Thread exited: 0x00000200e97b02d0


Dynamic libraries:
0x00007ff7adaa0000 - 0x00007ff7adaae000 	c:\Users\conno\.cursor\extensions\redhat.java-1.44.0-win32-x64\jre\21.0.8-win32-x86_64\bin\java.exe
0x00007fff9fa20000 - 0x00007fff9fc87000 	C:\WINDOWS\SYSTEM32\ntdll.dll
0x00007fff9f260000 - 0x00007fff9f329000 	C:\WINDOWS\System32\KERNEL32.DLL
0x00007fff9cd70000 - 0x00007fff9d160000 	C:\WINDOWS\System32\KERNELBASE.dll
0x00007fff99580000 - 0x00007fff9961e000 	C:\WINDOWS\SYSTEM32\apphelp.dll
0x00007fff9d520000 - 0x00007fff9d66b000 	C:\WINDOWS\System32\ucrtbase.dll
0x00007fff8a8c0000 - 0x00007fff8a8de000 	c:\Users\conno\.cursor\extensions\redhat.java-1.44.0-win32-x64\jre\21.0.8-win32-x86_64\bin\VCRUNTIME140.dll
0x00007fff8a4b0000 - 0x00007fff8a4c8000 	c:\Users\conno\.cursor\extensions\redhat.java-1.44.0-win32-x64\jre\21.0.8-win32-x86_64\bin\jli.dll
0x00007fff9f090000 - 0x00007fff9f255000 	C:\WINDOWS\System32\USER32.dll
0x00007fff7e020000 - 0x00007fff7e2ba000 	C:\WINDOWS\WinSxS\amd64_microsoft.windows.common-controls_6595b64144ccf1df_6.0.26100.4768_none_3e0c112ce331287c\COMCTL32.dll
0x00007fff9d2c0000 - 0x00007fff9d2e7000 	C:\WINDOWS\System32\win32u.dll
0x00007fff9ee30000 - 0x00007fff9eed9000 	C:\WINDOWS\System32\msvcrt.dll
0x00007fff9dd40000 - 0x00007fff9dd6b000 	C:\WINDOWS\System32\GDI32.dll
0x00007fff9d670000 - 0x00007fff9d7a8000 	C:\WINDOWS\System32\gdi32full.dll
0x00007fff9d2f0000 - 0x00007fff9d393000 	C:\WINDOWS\System32\msvcp_win.dll
0x00007fff9f680000 - 0x00007fff9f6af000 	C:\WINDOWS\System32\IMM32.DLL
0x00007fff8d280000 - 0x00007fff8d28c000 	c:\Users\conno\.cursor\extensions\redhat.java-1.44.0-win32-x64\jre\21.0.8-win32-x86_64\bin\vcruntime140_1.dll
0x00007fff64500000 - 0x00007fff6458d000 	c:\Users\conno\.cursor\extensions\redhat.java-1.44.0-win32-x64\jre\21.0.8-win32-x86_64\bin\msvcp140.dll
0x00007fff13ea0000 - 0x00007fff14c37000 	c:\Users\conno\.cursor\extensions\redhat.java-1.44.0-win32-x64\jre\21.0.8-win32-x86_64\bin\server\jvm.dll
0x00007fff9f530000 - 0x00007fff9f5e4000 	C:\WINDOWS\System32\ADVAPI32.dll
0x00007fff9f6d0000 - 0x00007fff9f776000 	C:\WINDOWS\System32\sechost.dll
0x00007fff9ea80000 - 0x00007fff9eb98000 	C:\WINDOWS\System32\RPCRT4.dll
0x00007fff9ed10000 - 0x00007fff9ed84000 	C:\WINDOWS\System32\WS2_32.dll
0x00007fff83ad0000 - 0x00007fff83b05000 	C:\WINDOWS\SYSTEM32\WINMM.dll
0x00007fff93a40000 - 0x00007fff93a4b000 	C:\WINDOWS\SYSTEM32\VERSION.dll
0x00007fff9c9b0000 - 0x00007fff9ca0e000 	C:\WINDOWS\SYSTEM32\POWRPROF.dll
0x00007fff9c990000 - 0x00007fff9c9a4000 	C:\WINDOWS\SYSTEM32\UMPDC.dll
0x00007fff9b8a0000 - 0x00007fff9b8bb000 	C:\WINDOWS\SYSTEM32\kernel.appcore.dll
0x00007fff8c970000 - 0x00007fff8c97a000 	c:\Users\conno\.cursor\extensions\redhat.java-1.44.0-win32-x64\jre\21.0.8-win32-x86_64\bin\jimage.dll
0x00007fff9a0f0000 - 0x00007fff9a331000 	C:\WINDOWS\SYSTEM32\DBGHELP.DLL
0x00007fff9dd70000 - 0x00007fff9e0f5000 	C:\WINDOWS\System32\combase.dll
0x00007fff9e910000 - 0x00007fff9e9f0000 	C:\WINDOWS\System32\OLEAUT32.dll
0x00007fff7cfc0000 - 0x00007fff7d003000 	C:\WINDOWS\SYSTEM32\dbgcore.DLL
0x00007fff9ccd0000 - 0x00007fff9cd69000 	C:\WINDOWS\System32\bcryptPrimitives.dll
0x00007fff8c780000 - 0x00007fff8c78f000 	c:\Users\conno\.cursor\extensions\redhat.java-1.44.0-win32-x64\jre\21.0.8-win32-x86_64\bin\instrument.dll
0x00007fff8b5f0000 - 0x00007fff8b60f000 	c:\Users\conno\.cursor\extensions\redhat.java-1.44.0-win32-x64\jre\21.0.8-win32-x86_64\bin\java.dll
0x00007fff9e1c0000 - 0x00007fff9e90d000 	C:\WINDOWS\System32\SHELL32.dll
0x00007fff9cb50000 - 0x00007fff9ccc3000 	C:\WINDOWS\System32\wintypes.dll
0x00007fff9a6f0000 - 0x00007fff9af50000 	C:\WINDOWS\SYSTEM32\windows.storage.dll
0x00007fff9d7b0000 - 0x00007fff9d8a5000 	C:\WINDOWS\System32\SHCORE.dll
0x00007fff9eee0000 - 0x00007fff9ef4a000 	C:\WINDOWS\System32\shlwapi.dll
0x00007fff9ca70000 - 0x00007fff9ca99000 	C:\WINDOWS\SYSTEM32\profapi.dll
0x00007fff89c40000 - 0x00007fff89c58000 	c:\Users\conno\.cursor\extensions\redhat.java-1.44.0-win32-x64\jre\21.0.8-win32-x86_64\bin\zip.dll
0x00007fff8b920000 - 0x00007fff8b930000 	C:\Users\conno\.cursor\extensions\redhat.java-1.44.0-win32-x64\jre\21.0.8-win32-x86_64\bin\net.dll
0x00007fff95ce0000 - 0x00007fff95dfe000 	C:\WINDOWS\SYSTEM32\WINHTTP.dll
0x00007fff9be60000 - 0x00007fff9becb000 	C:\WINDOWS\system32\mswsock.dll
0x00007fff89ac0000 - 0x00007fff89ad6000 	C:\Users\conno\.cursor\extensions\redhat.java-1.44.0-win32-x64\jre\21.0.8-win32-x86_64\bin\nio.dll
0x00007fff8b700000 - 0x00007fff8b710000 	c:\Users\conno\.cursor\extensions\redhat.java-1.44.0-win32-x64\jre\21.0.8-win32-x86_64\bin\verify.dll
0x00007fff73170000 - 0x00007fff731b5000 	C:\Users\conno\AppData\Roaming\Cursor\User\globalStorage\redhat.java\1.44.0\config_ss_win\org.eclipse.equinox.launcher\org.eclipse.equinox.launcher.win32.win32.x86_64_1.2.1400.v20250730-1736\eclipse_11913.dll
0x00007fff9f330000 - 0x00007fff9f4d0000 	C:\WINDOWS\System32\ole32.dll
0x00007fff9c130000 - 0x00007fff9c14b000 	C:\WINDOWS\SYSTEM32\CRYPTSP.dll
0x00007fff9b800000 - 0x00007fff9b83b000 	C:\WINDOWS\system32\rsaenh.dll
0x00007fff9bf00000 - 0x00007fff9bf2b000 	C:\WINDOWS\SYSTEM32\USERENV.dll
0x00007fff9ca40000 - 0x00007fff9ca66000 	C:\WINDOWS\SYSTEM32\bcrypt.dll
0x00007fff9c120000 - 0x00007fff9c12c000 	C:\WINDOWS\SYSTEM32\CRYPTBASE.dll
0x00007fff9b290000 - 0x00007fff9b2c3000 	C:\WINDOWS\SYSTEM32\IPHLPAPI.DLL
0x00007fff9f050000 - 0x00007fff9f05a000 	C:\WINDOWS\System32\NSI.dll
0x00007fff6a1b0000 - 0x00007fff6a1f9000 	C:\Users\conno\AppData\Local\Temp\jna-94844611\jna17349100328663574042.dll
0x00007fff9f6c0000 - 0x00007fff9f6c8000 	C:\WINDOWS\System32\PSAPI.DLL
0x00007fff96190000 - 0x00007fff961af000 	C:\WINDOWS\SYSTEM32\dhcpcsvc6.DLL
0x00007fff96160000 - 0x00007fff96185000 	C:\WINDOWS\SYSTEM32\dhcpcsvc.DLL

JVMTI agents:
c:\Users\conno\.cursor\extensions\redhat.java-1.44.0-win32-x64\lombok\lombok-1.18.39-4050.jar path:c:\Users\conno\.cursor\extensions\redhat.java-1.44.0-win32-x64\jre\21.0.8-win32-x86_64\bin\instrument.dll, loaded, initialized, instrumentlib options:none

dbghelp: loaded successfully - version: 4.0.5 - missing functions: none
symbol engine: initialized successfully - sym options: 0x614 - pdb path: .;c:\Users\conno\.cursor\extensions\redhat.java-1.44.0-win32-x64\jre\21.0.8-win32-x86_64\bin;C:\WINDOWS\SYSTEM32;C:\WINDOWS\WinSxS\amd64_microsoft.windows.common-controls_6595b64144ccf1df_6.0.26100.4768_none_3e0c112ce331287c;c:\Users\conno\.cursor\extensions\redhat.java-1.44.0-win32-x64\jre\21.0.8-win32-x86_64\bin\server;C:\Users\conno\AppData\Roaming\Cursor\User\globalStorage\redhat.java\1.44.0\config_ss_win\org.eclipse.equinox.launcher\org.eclipse.equinox.launcher.win32.win32.x86_64_1.2.1400.v20250730-1736;C:\Users\conno\AppData\Local\Temp\jna-94844611

VM Arguments:
jvm_args: --add-modules=ALL-SYSTEM --add-opens=java.base/java.util=ALL-UNNAMED --add-opens=java.base/java.lang=ALL-UNNAMED --add-opens=java.base/sun.nio.fs=ALL-UNNAMED -Declipse.application=org.eclipse.jdt.ls.core.id1 -Dosgi.bundles.defaultStartLevel=4 -Declipse.product=org.eclipse.jdt.ls.core.product -Djava.import.generatesMetadataFilesAtProjectRoot=false -DDetectVMInstallationsJob.disabled=true -Dfile.encoding=utf8 -XX:+UseParallelGC -XX:GCTimeRatio=4 -XX:AdaptiveSizePolicyWeight=90 -Dsun.zip.disableMemoryMapping=true -Xmx2G -Xms100m -Xlog:disable -javaagent:c:\Users\conno\.cursor\extensions\redhat.java-1.44.0-win32-x64\lombok\lombok-1.18.39-4050.jar 
java_command: c:\Users\conno\.cursor\extensions\redhat.java-1.44.0-win32-x64\server\plugins\org.eclipse.equinox.launcher_1.7.0.v20250519-0528.jar -configuration c:\Users\conno\AppData\Roaming\Cursor\User\globalStorage\redhat.java\1.44.0\config_ss_win -data c:\Users\conno\AppData\Roaming\Cursor\User\workspaceStorage\18dfb54ba2d38ec45be64e8ad51b5963\redhat.java\ss_ws --pipe=\\.\pipe\lsp-aa686af2f8a44d331b0da845a630abcb-sock
java_class_path (initial): c:\Users\conno\.cursor\extensions\redhat.java-1.44.0-win32-x64\server\plugins\org.eclipse.equinox.launcher_1.7.0.v20250519-0528.jar
Launcher Type: SUN_STANDARD

[Global flags]
    uintx AdaptiveSizePolicyWeight                 = 90                                        {product} {command line}
     intx CICompilerCount                          = 4                                         {product} {ergonomic}
    uintx GCTimeRatio                              = 4                                         {product} {command line}
   size_t InitialHeapSize                          = 104857600                                 {product} {command line}
   size_t MaxHeapSize                              = 2147483648                                {product} {command line}
   size_t MaxNewSize                               = 715653120                                 {product} {ergonomic}
   size_t MinHeapDeltaBytes                        = 524288                                    {product} {ergonomic}
   size_t MinHeapSize                              = 104857600                                 {product} {command line}
   size_t NewSize                                  = 34603008                                  {product} {ergonomic}
    uintx NonNMethodCodeHeapSize                   = 5839372                                {pd product} {ergonomic}
    uintx NonProfiledCodeHeapSize                  = 122909434                              {pd product} {ergonomic}
   size_t OldSize                                  = 70254592                                  {product} {ergonomic}
    uintx ProfiledCodeHeapSize                     = 122909434                              {pd product} {ergonomic}
    uintx ReservedCodeCacheSize                    = 251658240                              {pd product} {ergonomic}
     bool SegmentedCodeCache                       = true                                      {product} {ergonomic}
   size_t SoftMaxHeapSize                          = 2147483648                             {manageable} {ergonomic}
     bool UseCompressedOops                        = true                           {product lp64_product} {ergonomic}
     bool UseLargePagesIndividualAllocation        = false                                  {pd product} {ergonomic}
     bool UseParallelGC                            = true                                      {product} {command line}

Logging:
Log output configuration:
 #0: stdout all=off uptime,level,tags foldmultilines=false
 #1: stderr all=off uptime,level,tags foldmultilines=false

Environment Variables:
PATH=C:\Python313\Scripts\;C:\Python313\;C:\Program Files\Eclipse Adoptium\jdk-21.0.0.35-hotspot\bin;C:\Windows\system32;C:\Windows;C:\Windows\System32\Wbem;C:\Windows\System32\WindowsPowerShell\v1.0\;C:\Windows\System32\OpenSSH\;C:\Program Files\NVIDIA Corporation\NVIDIA NvDLISR;C:\Program Files (x86)\NVIDIA Corporation\PhysX\Common;C:\WINDOWS\system32;C:\WINDOWS;C:\WINDOWS\System32\Wbem;C:\WINDOWS\System32\WindowsPowerShell\v1.0\;C:\WINDOWS\System32\OpenSSH\;C:\Program Files (x86)\sqlite3;C:\Program Files\PostgreSQL\17\bin;C:\Program Files\Git\cmd;C:\Program Files\;C:\ProgramData\chocolatey\bin;C:\Users\conno\AppData\Local\Programs\Python\Launcher\;C:\Users\conno\AppData\Local\Microsoft\WindowsApps;C:\Users\conno\AppData\Local\atom\bin;C:\Users\conno\AppData\Local\Programs\Microsoft VS Code\bin;C:\Users\conno\AppData\Local\JetBrains\IntelliJ IDEA 2024.2.2\bin;;C:\Program Files\JetBrains\IntelliJ IDEA Community Edition 2024.2.2\bin;;C:\Users\conno\AppData\Local\Microsoft\WindowsApps;C:\Users\conno\AppData\Roaming\npm;C:\Users\conno\AppData\Local\Programs\cursor\resources\app\bin
USERNAME=conno
OS=Windows_NT
PROCESSOR_IDENTIFIER=AMD64 Family 25 Model 68 Stepping 1, AuthenticAMD
TMP=C:\Users\conno\AppData\Local\Temp
TEMP=C:\Users\conno\AppData\Local\Temp




Periodic native trim disabled

---------------  S Y S T E M  ---------------

OS:
 Windows 11 , 64 bit Build 26100 (10.0.26100.4768)
OS uptime: 16 days 8:51 hours
Hyper-V role detected

CPU: total 12 (initial active 12) (12 cores per cpu, 2 threads per core) family 25 model 68 stepping 1 microcode 0xa404101, cx8, cmov, fxsr, ht, mmx, 3dnowpref, sse, sse2, sse3, ssse3, sse4a, sse4.1, sse4.2, popcnt, lzcnt, tsc, tscinvbit, avx, avx2, aes, clmul, bmi1, bmi2, adx, sha, fma, vzeroupper, clflush, clflushopt, hv, rdtscp, rdpid, f16c, cet_ss
Processor Information for processor 0
  Max Mhz: 3301, Current Mhz: 2008, Mhz Limit: 3301
Processor Information for processor 1
  Max Mhz: 3301, Current Mhz: 3301, Mhz Limit: 3301
Processor Information for processor 2
  Max Mhz: 3301, Current Mhz: 2008, Mhz Limit: 3301
Processor Information for processor 3
  Max Mhz: 3301, Current Mhz: 3301, Mhz Limit: 3301
Processor Information for processor 4
  Max Mhz: 3301, Current Mhz: 3301, Mhz Limit: 3301
Processor Information for processor 5
  Max Mhz: 3301, Current Mhz: 3301, Mhz Limit: 3301
Processor Information for processor 6
  Max Mhz: 3301, Current Mhz: 3301, Mhz Limit: 3301
Processor Information for processor 7
  Max Mhz: 3301, Current Mhz: 3301, Mhz Limit: 3301
Processor Information for processor 8
  Max Mhz: 3301, Current Mhz: 2008, Mhz Limit: 3301
Processor Information for processor 9
  Max Mhz: 3301, Current Mhz: 3301, Mhz Limit: 3301
Processor Information for processor 10
  Max Mhz: 3301, Current Mhz: 2008, Mhz Limit: 3301
Processor Information for processor 11
  Max Mhz: 3301, Current Mhz: 3301, Mhz Limit: 3301

Memory: 4k page, system-wide physical 7365M (283M free)
TotalPageFile size 29893M (AvailPageFile size 52M)
current process WorkingSet (physical memory assigned to process): 75M, peak: 237M
current process commit charge ("private bytes"): 307M, peak: 350M

vm_info: OpenJDK 64-Bit Server VM (21.0.8+9-LTS) for windows-amd64 JRE (21.0.8+9-LTS), built on 2025-07-15T00:00:00Z by "admin" with MS VC++ 17.7 (VS2022)

END.
