#
# There is insufficient memory for the Java Runtime Environment to continue.
# Native memory allocation (malloc) failed to allocate 2447296 bytes. Error detail: Chunk::new
# Possible reasons:
#   The system is out of physical RAM or swap space
#   This process is running with CompressedOops enabled, and the Java Heap may be blocking the growth of the native heap
# Possible solutions:
#   Reduce memory load on the system
#   Increase physical memory or swap space
#   Check if swap backing store is full
#   Decrease Java heap size (-Xmx/-Xms)
#   Decrease number of Java threads
#   Decrease Java thread stack sizes (-Xss)
#   Set larger code cache with -XX:ReservedCodeCacheSize=
#   JVM is running with Unscaled Compressed Oops mode in which the Java heap is
#     placed in the first 4GB address space. The Java Heap base address is the
#     maximum limit for the native heap growth. Please use -XX:HeapBaseMinAddress
#     to set the Java Heap base and to place the Java Heap above 4GB virtual address.
# This output file may be truncated or incomplete.
#
#  Out of Memory Error (arena.cpp:168), pid=34772, tid=10584
#
# JRE version: OpenJDK Runtime Environment Temurin-21.0.8+9 (21.0.8+9) (build 21.0.8+9-LTS)
# Java VM: OpenJDK 64-Bit Server VM Temurin-21.0.8+9 (21.0.8+9-LTS, mixed mode, sharing, tiered, compressed oops, compressed class ptrs, parallel gc, windows-amd64)
# No core dump will be written. Minidumps are not enabled by default on client versions of Windows
#

---------------  S U M M A R Y ------------

Command Line: --add-modules=ALL-SYSTEM --add-opens=java.base/java.util=ALL-UNNAMED --add-opens=java.base/java.lang=ALL-UNNAMED --add-opens=java.base/sun.nio.fs=ALL-UNNAMED -Declipse.application=org.eclipse.jdt.ls.core.id1 -Dosgi.bundles.defaultStartLevel=4 -Declipse.product=org.eclipse.jdt.ls.core.product -Djava.import.generatesMetadataFilesAtProjectRoot=false -DDetectVMInstallationsJob.disabled=true -Dfile.encoding=utf8 -XX:+UseParallelGC -XX:GCTimeRatio=4 -XX:AdaptiveSizePolicyWeight=90 -Dsun.zip.disableMemoryMapping=true -Xmx2G -Xms100m -Xlog:disable -javaagent:c:\Users\conno\.cursor\extensions\redhat.java-1.44.0-win32-x64\lombok\lombok-1.18.39-4050.jar c:\Users\conno\.cursor\extensions\redhat.java-1.44.0-win32-x64\server\plugins\org.eclipse.equinox.launcher_1.7.0.v20250519-0528.jar -configuration c:\Users\conno\AppData\Roaming\Cursor\User\globalStorage\redhat.java\1.44.0\config_ss_win -data c:\Users\conno\AppData\Roaming\Cursor\User\workspaceStorage\18dfb54ba2d38ec45be64e8ad51b5963\redhat.java\ss_ws --pipe=\\.\pipe\lsp-68a09c74a5e2186c26a3dfaf613561e3-sock

Host: AMD Ryzen 5 6600H with Radeon Graphics         , 12 cores, 7G,  Windows 11 , 64 bit Build 26100 (10.0.26100.4768)
Time: Thu Aug 14 11:53:27 2025 Pacific Daylight Time elapsed time: 5.837524 seconds (0d 0h 0m 5s)

---------------  T H R E A D  ---------------

Current thread (0x000001a68856ec40):  JavaThread "C2 CompilerThread0" daemon [_thread_in_native, id=10584, stack(0x00000078c4900000,0x00000078c4a00000) (1024K)]


Current CompileTask:
C2:5837 2563       4       org.lombokweb.asm.ClassReader::readMethod (1070 bytes)

Stack: [0x00000078c4900000,0x00000078c4a00000]
Native frames: (J=compiled Java code, j=interpreted, Vv=VM code, C=native code)
V  [jvm.dll+0x6d2449]
V  [jvm.dll+0x8ae341]
V  [jvm.dll+0x8b08be]
V  [jvm.dll+0x8b0fa3]
V  [jvm.dll+0x280c96]
V  [jvm.dll+0xc581d]
V  [jvm.dll+0xc5d53]
V  [jvm.dll+0x3b919c]
V  [jvm.dll+0x1e1409]
V  [jvm.dll+0x249022]
V  [jvm.dll+0x2484af]
V  [jvm.dll+0x1c89ee]
V  [jvm.dll+0x257d4d]
V  [jvm.dll+0x2562ea]
V  [jvm.dll+0x3f2d16]
V  [jvm.dll+0x857e6b]
V  [jvm.dll+0x6d0b0d]
C  [ucrtbase.dll+0x37b0]
C  [KERNEL32.DLL+0x2e8d7]
C  [ntdll.dll+0x3c34c]


---------------  P R O C E S S  ---------------

Threads class SMR info:
_java_thread_list=0x000001a68d5dc450, length=19, elements={
0x000001a62eb7c8f0, 0x000001a6885644b0, 0x000001a64561d770, 0x000001a688567db0,
0x000001a688568a00, 0x000001a68856b460, 0x000001a68856beb0, 0x000001a68856ec40,
0x000001a68857bac0, 0x000001a62ebe7210, 0x000001a6888d0870, 0x000001a68d3430b0,
0x000001a68d178830, 0x000001a68d1792a0, 0x000001a68d59b980, 0x000001a68d570820,
0x000001a68d708090, 0x000001a68da78420, 0x000001a68da86110
}

Java Threads: ( => current thread )
  0x000001a62eb7c8f0 JavaThread "main"                              [_thread_blocked, id=19692, stack(0x00000078c3f00000,0x00000078c4000000) (1024K)]
  0x000001a6885644b0 JavaThread "Reference Handler"          daemon [_thread_blocked, id=7632, stack(0x00000078c4300000,0x00000078c4400000) (1024K)]
  0x000001a64561d770 JavaThread "Finalizer"                  daemon [_thread_blocked, id=35136, stack(0x00000078c4400000,0x00000078c4500000) (1024K)]
  0x000001a688567db0 JavaThread "Signal Dispatcher"          daemon [_thread_blocked, id=17920, stack(0x00000078c4500000,0x00000078c4600000) (1024K)]
  0x000001a688568a00 JavaThread "Attach Listener"            daemon [_thread_blocked, id=17260, stack(0x00000078c4600000,0x00000078c4700000) (1024K)]
  0x000001a68856b460 JavaThread "Service Thread"             daemon [_thread_blocked, id=30020, stack(0x00000078c4700000,0x00000078c4800000) (1024K)]
  0x000001a68856beb0 JavaThread "Monitor Deflation Thread"   daemon [_thread_blocked, id=35680, stack(0x00000078c4800000,0x00000078c4900000) (1024K)]
=>0x000001a68856ec40 JavaThread "C2 CompilerThread0"         daemon [_thread_in_native, id=10584, stack(0x00000078c4900000,0x00000078c4a00000) (1024K)]
  0x000001a68857bac0 JavaThread "C1 CompilerThread0"         daemon [_thread_blocked, id=31548, stack(0x00000078c4a00000,0x00000078c4b00000) (1024K)]
  0x000001a62ebe7210 JavaThread "Common-Cleaner"             daemon [_thread_blocked, id=39204, stack(0x00000078c4b00000,0x00000078c4c00000) (1024K)]
  0x000001a6888d0870 JavaThread "Notification Thread"        daemon [_thread_blocked, id=25944, stack(0x00000078c4c00000,0x00000078c4d00000) (1024K)]
  0x000001a68d3430b0 JavaThread "Active Thread: Equinox Container: 7909786b-825f-433c-9e0d-6b9166ac67fc"        [_thread_blocked, id=39232, stack(0x00000078c5300000,0x00000078c5400000) (1024K)]
  0x000001a68d178830 JavaThread "Framework Event Dispatcher: Equinox Container: 7909786b-825f-433c-9e0d-6b9166ac67fc" daemon [_thread_blocked, id=37816, stack(0x00000078c5400000,0x00000078c5500000) (1024K)]
  0x000001a68d1792a0 JavaThread "Start Level: Equinox Container: 7909786b-825f-433c-9e0d-6b9166ac67fc" daemon [_thread_in_native, id=24892, stack(0x00000078c5500000,0x00000078c5600000) (1024K)]
  0x000001a68d59b980 JavaThread "SCR Component Actor"        daemon [_thread_blocked, id=20000, stack(0x00000078c5700000,0x00000078c5800000) (1024K)]
  0x000001a68d570820 JavaThread "SCR Component Registry"     daemon [_thread_blocked, id=5676, stack(0x00000078c5800000,0x00000078c5900000) (1024K)]
  0x000001a68d708090 JavaThread "Worker-JM"                         [_thread_blocked, id=25040, stack(0x00000078c5900000,0x00000078c5a00000) (1024K)]
  0x000001a68da78420 JavaThread "Worker-0"                          [_thread_blocked, id=39200, stack(0x00000078c5c00000,0x00000078c5d00000) (1024K)]
  0x000001a68da86110 JavaThread "Worker-1"                          [_thread_blocked, id=11400, stack(0x00000078c5d00000,0x00000078c5e00000) (1024K)]
Total: 19

Other Threads:
  0x000001a645604530 VMThread "VM Thread"                           [id=35332, stack(0x00000078c4200000,0x00000078c4300000) (1024K)]
  0x000001a6454fca00 WatcherThread "VM Periodic Task Thread"        [id=20120, stack(0x00000078c4100000,0x00000078c4200000) (1024K)]
  0x000001a62eb9aca0 WorkerThread "GC Thread#0"                     [id=18548, stack(0x00000078c4000000,0x00000078c4100000) (1024K)]
  0x000001a68d255c30 WorkerThread "GC Thread#1"                     [id=19164, stack(0x00000078c4d00000,0x00000078c4e00000) (1024K)]
  0x000001a68d35b120 WorkerThread "GC Thread#2"                     [id=35076, stack(0x00000078c4e00000,0x00000078c4f00000) (1024K)]
  0x000001a68d35b4c0 WorkerThread "GC Thread#3"                     [id=21756, stack(0x00000078c4f00000,0x00000078c5000000) (1024K)]
  0x000001a688908b00 WorkerThread "GC Thread#4"                     [id=31664, stack(0x00000078c5000000,0x00000078c5100000) (1024K)]
  0x000001a688908ea0 WorkerThread "GC Thread#5"                     [id=2992, stack(0x00000078c5100000,0x00000078c5200000) (1024K)]
  0x000001a688909240 WorkerThread "GC Thread#6"                     [id=20300, stack(0x00000078c5200000,0x00000078c5300000) (1024K)]
  0x000001a68d4be910 WorkerThread "GC Thread#7"                     [id=31580, stack(0x00000078c5600000,0x00000078c5700000) (1024K)]
  0x000001a68d7263d0 WorkerThread "GC Thread#8"                     [id=38868, stack(0x00000078c5a00000,0x00000078c5b00000) (1024K)]
  0x000001a68d7ca770 WorkerThread "GC Thread#9"                     [id=9332, stack(0x00000078c5b00000,0x00000078c5c00000) (1024K)]
Total: 12

Threads with active compile tasks:
C2 CompilerThread0  5870 2563       4       org.lombokweb.asm.ClassReader::readMethod (1070 bytes)
Total: 1

VM state: not at safepoint (normal execution)

VM Mutex/Monitor currently owned by a thread: None

Heap address: 0x0000000080000000, size: 2048 MB, Compressed Oops mode: 32-bit

CDS archive(s) mapped at: [0x000001a646000000-0x000001a646ba0000-0x000001a646ba0000), size 12189696, SharedBaseAddress: 0x000001a646000000, ArchiveRelocationMode: 1.
Compressed class space mapped at: 0x000001a647000000-0x000001a687000000, reserved size: 1073741824
Narrow klass base: 0x000001a646000000, Narrow klass shift: 0, Narrow klass range: 0x100000000

GC Precious Log:
 CardTable entry size: 512
 CPUs: 12 total, 12 available
 Memory: 7365M
 Large Page Support: Disabled
 NUMA Support: Disabled
 Compressed Oops: Enabled (32-bit)
 Alignments: Space 512K, Generation 512K, Heap 2M
 Heap Min Capacity: 100M
 Heap Initial Capacity: 100M
 Heap Max Capacity: 2G
 Pre-touch: Disabled
 Parallel Workers: 10

Heap:
 PSYoungGen      total 30208K, used 15431K [0x00000000d5580000, 0x00000000d7880000, 0x0000000100000000)
  eden space 25088K, 61% used [0x00000000d5580000,0x00000000d6491fe8,0x00000000d6e00000)
  from space 5120K, 0% used [0x00000000d7380000,0x00000000d7380000,0x00000000d7880000)
  to   space 5120K, 0% used [0x00000000d6e80000,0x00000000d6e80000,0x00000000d7380000)
 ParOldGen       total 68608K, used 10306K [0x0000000080000000, 0x0000000084300000, 0x00000000d5580000)
  object space 68608K, 15% used [0x0000000080000000,0x0000000080a10b58,0x0000000084300000)
 Metaspace       used 23639K, committed 24320K, reserved 1114112K
  class space    used 2280K, committed 2624K, reserved 1048576K

Card table byte_map: [0x000001a62e550000,0x000001a62e960000] _byte_map_base: 0x000001a62e150000

Marking Bits: (ParMarkBitMap*) 0x00007fff4560a340
 Begin Bits: [0x000001a641020000, 0x000001a643020000)
 End Bits:   [0x000001a643020000, 0x000001a645020000)

Polling page: 0x000001a62e340000

Metaspace:

Usage:
  Non-class:     20.86 MB used.
      Class:      2.23 MB used.
       Both:     23.09 MB used.

Virtual space:
  Non-class space:       64.00 MB reserved,      21.19 MB ( 33%) committed,  1 nodes.
      Class space:        1.00 GB reserved,       2.56 MB ( <1%) committed,  1 nodes.
             Both:        1.06 GB reserved,      23.75 MB (  2%) committed. 

Chunk freelists:
   Non-Class:  10.31 MB
       Class:  13.42 MB
        Both:  23.73 MB

MaxMetaspaceSize: unlimited
CompressedClassSpaceSize: 1.00 GB
Initial GC threshold: 21.00 MB
Current GC threshold: 35.00 MB
CDS: on
 - commit_granule_bytes: 65536.
 - commit_granule_words: 8192.
 - virtual_space_node_default_size: 8388608.
 - enlarge_chunks_in_place: 1.
 - use_allocation_guard: 0.


Internal statistics:

num_allocs_failed_limit: 3.
num_arena_births: 482.
num_arena_deaths: 14.
num_vsnodes_births: 2.
num_vsnodes_deaths: 0.
num_space_committed: 380.
num_space_uncommitted: 0.
num_chunks_returned_to_freelist: 17.
num_chunks_taken_from_freelist: 1321.
num_chunk_merges: 6.
num_chunk_splits: 875.
num_chunks_enlarged: 603.
num_inconsistent_stats: 0.

CodeHeap 'non-profiled nmethods': size=120000Kb used=1233Kb max_used=1233Kb free=118766Kb
 bounds [0x000001a639840000, 0x000001a639ab0000, 0x000001a640d70000]
CodeHeap 'profiled nmethods': size=120000Kb used=5968Kb max_used=5968Kb free=114032Kb
 bounds [0x000001a631d70000, 0x000001a632350000, 0x000001a6392a0000]
CodeHeap 'non-nmethods': size=5760Kb used=1322Kb max_used=1339Kb free=4437Kb
 bounds [0x000001a6392a0000, 0x000001a639510000, 0x000001a639840000]
CodeCache: size=245760Kb, used=8523Kb, max_used=8540Kb, free=237235Kb
 total_blobs=3616, nmethods=3008, adapters=514, full_count=0
Compilation: enabled, stopped_count=0, restarted_count=0

Compilation events (20 events):
Event: 4.733 Thread 0x000001a68857bac0 2999       1       java.lang.invoke.MethodHandleImpl$IntrinsicMethodHandle::getTarget (5 bytes)
Event: 4.733 Thread 0x000001a68857bac0 nmethod 2999 0x000001a639970a90 code [0x000001a639970c20, 0x000001a639970ce8]
Event: 4.735 Thread 0x000001a68857bac0 3000       3       java.lang.invoke.MethodHandleNatives::linkCallSite (65 bytes)
Event: 4.736 Thread 0x000001a68857bac0 nmethod 3000 0x000001a632340190 code [0x000001a632340380, 0x000001a6323408c8]
Event: 4.736 Thread 0x000001a68857bac0 3001       3       java.lang.invoke.MethodHandleNatives::linkCallSiteImpl (119 bytes)
Event: 4.736 Thread 0x000001a68857bac0 nmethod 3001 0x000001a632340a90 code [0x000001a632340cc0, 0x000001a632341550]
Event: 4.736 Thread 0x000001a68857bac0 3002       3       java.lang.invoke.ConstantCallSite::<init> (17 bytes)
Event: 4.736 Thread 0x000001a68e270830 nmethod 2996 0x000001a639970d90 code [0x000001a639970fe0, 0x000001a639971c50]
Event: 4.736 Thread 0x000001a68e270830 3003       4       java.lang.invoke.MethodType::equals (25 bytes)
Event: 4.737 Thread 0x000001a68857bac0 nmethod 3002 0x000001a632341910 code [0x000001a632341b00, 0x000001a632341ff8]
Event: 4.737 Thread 0x000001a68857bac0 3004       3       java.lang.invoke.LambdaForm$MH/0x000001a647019c00::invoke (25 bytes)
Event: 4.737 Thread 0x000001a68857bac0 nmethod 3004 0x000001a632342210 code [0x000001a6323423e0, 0x000001a632342920]
Event: 4.739 Thread 0x000001a68e270830 nmethod 3003 0x000001a639972790 code [0x000001a639972940, 0x000001a639972b00]
Event: 4.739 Thread 0x000001a68e270830 3005       4       java.lang.AbstractStringBuilder::append (45 bytes)
Event: 4.745 Thread 0x000001a68e270830 nmethod 3005 0x000001a639972c90 code [0x000001a639972e80, 0x000001a6399735f8]
Event: 4.756 Thread 0x000001a68857bac0 3007   !   3       java.io.FileOutputStream::write (47 bytes)
Event: 4.757 Thread 0x000001a68857bac0 nmethod 3007 0x000001a632342a90 code [0x000001a632342c80, 0x000001a632342f48]
Event: 4.757 Thread 0x000001a68857bac0 3008       3       java.io.FileDescriptor$1::getAppend (5 bytes)
Event: 4.757 Thread 0x000001a68857bac0 nmethod 3008 0x000001a632343110 code [0x000001a6323432a0, 0x000001a6323433b8]
Event: 5.731 Thread 0x000001a68857bac0 3010       3       jdk.internal.misc.Unsafe::putReferenceOpaque (9 bytes)

GC Heap History (14 events):
Event: 1.269 GC heap before
{Heap before GC invocations=1 (full 0):
 PSYoungGen      total 29696K, used 25600K [0x00000000d5580000, 0x00000000d7680000, 0x0000000100000000)
  eden space 25600K, 100% used [0x00000000d5580000,0x00000000d6e80000,0x00000000d6e80000)
  from space 4096K, 0% used [0x00000000d7280000,0x00000000d7280000,0x00000000d7680000)
  to   space 4096K, 0% used [0x00000000d6e80000,0x00000000d6e80000,0x00000000d7280000)
 ParOldGen       total 68608K, used 0K [0x0000000080000000, 0x0000000084300000, 0x00000000d5580000)
  object space 68608K, 0% used [0x0000000080000000,0x0000000080000000,0x0000000084300000)
 Metaspace       used 4324K, committed 4608K, reserved 1114112K
  class space    used 472K, committed 576K, reserved 1048576K
}
Event: 1.277 GC heap after
{Heap after GC invocations=1 (full 0):
 PSYoungGen      total 29696K, used 3295K [0x00000000d5580000, 0x00000000d7680000, 0x0000000100000000)
  eden space 25600K, 0% used [0x00000000d5580000,0x00000000d5580000,0x00000000d6e80000)
  from space 4096K, 80% used [0x00000000d6e80000,0x00000000d71b7e78,0x00000000d7280000)
  to   space 4096K, 0% used [0x00000000d7280000,0x00000000d7280000,0x00000000d7680000)
 ParOldGen       total 68608K, used 16K [0x0000000080000000, 0x0000000084300000, 0x00000000d5580000)
  object space 68608K, 0% used [0x0000000080000000,0x0000000080004000,0x0000000084300000)
 Metaspace       used 4324K, committed 4608K, reserved 1114112K
  class space    used 472K, committed 576K, reserved 1048576K
}
Event: 2.344 GC heap before
{Heap before GC invocations=2 (full 0):
 PSYoungGen      total 29696K, used 28895K [0x00000000d5580000, 0x00000000d7680000, 0x0000000100000000)
  eden space 25600K, 100% used [0x00000000d5580000,0x00000000d6e80000,0x00000000d6e80000)
  from space 4096K, 80% used [0x00000000d6e80000,0x00000000d71b7e78,0x00000000d7280000)
  to   space 4096K, 0% used [0x00000000d7280000,0x00000000d7280000,0x00000000d7680000)
 ParOldGen       total 68608K, used 16K [0x0000000080000000, 0x0000000084300000, 0x00000000d5580000)
  object space 68608K, 0% used [0x0000000080000000,0x0000000080004000,0x0000000084300000)
 Metaspace       used 8065K, committed 8320K, reserved 1114112K
  class space    used 852K, committed 960K, reserved 1048576K
}
Event: 2.349 GC heap after
{Heap after GC invocations=2 (full 0):
 PSYoungGen      total 29696K, used 4089K [0x00000000d5580000, 0x00000000d7680000, 0x0000000100000000)
  eden space 25600K, 0% used [0x00000000d5580000,0x00000000d5580000,0x00000000d6e80000)
  from space 4096K, 99% used [0x00000000d7280000,0x00000000d767e7e8,0x00000000d7680000)
  to   space 4096K, 0% used [0x00000000d6e80000,0x00000000d6e80000,0x00000000d7280000)
 ParOldGen       total 68608K, used 922K [0x0000000080000000, 0x0000000084300000, 0x00000000d5580000)
  object space 68608K, 1% used [0x0000000080000000,0x00000000800e6968,0x0000000084300000)
 Metaspace       used 8065K, committed 8320K, reserved 1114112K
  class space    used 852K, committed 960K, reserved 1048576K
}
Event: 3.099 GC heap before
{Heap before GC invocations=3 (full 0):
 PSYoungGen      total 29696K, used 29689K [0x00000000d5580000, 0x00000000d7680000, 0x0000000100000000)
  eden space 25600K, 100% used [0x00000000d5580000,0x00000000d6e80000,0x00000000d6e80000)
  from space 4096K, 99% used [0x00000000d7280000,0x00000000d767e7e8,0x00000000d7680000)
  to   space 4096K, 0% used [0x00000000d6e80000,0x00000000d6e80000,0x00000000d7280000)
 ParOldGen       total 68608K, used 922K [0x0000000080000000, 0x0000000084300000, 0x00000000d5580000)
  object space 68608K, 1% used [0x0000000080000000,0x00000000800e6968,0x0000000084300000)
 Metaspace       used 12841K, committed 13376K, reserved 1114112K
  class space    used 1357K, committed 1600K, reserved 1048576K
}
Event: 3.104 GC heap after
{Heap after GC invocations=3 (full 0):
 PSYoungGen      total 29696K, used 4078K [0x00000000d5580000, 0x00000000d7680000, 0x0000000100000000)
  eden space 25600K, 0% used [0x00000000d5580000,0x00000000d5580000,0x00000000d6e80000)
  from space 4096K, 99% used [0x00000000d6e80000,0x00000000d727b880,0x00000000d7280000)
  to   space 4096K, 0% used [0x00000000d7280000,0x00000000d7280000,0x00000000d7680000)
 ParOldGen       total 68608K, used 2605K [0x0000000080000000, 0x0000000084300000, 0x00000000d5580000)
  object space 68608K, 3% used [0x0000000080000000,0x000000008028b720,0x0000000084300000)
 Metaspace       used 12841K, committed 13376K, reserved 1114112K
  class space    used 1357K, committed 1600K, reserved 1048576K
}
Event: 3.589 GC heap before
{Heap before GC invocations=4 (full 0):
 PSYoungGen      total 29696K, used 29678K [0x00000000d5580000, 0x00000000d7680000, 0x0000000100000000)
  eden space 25600K, 100% used [0x00000000d5580000,0x00000000d6e80000,0x00000000d6e80000)
  from space 4096K, 99% used [0x00000000d6e80000,0x00000000d727b880,0x00000000d7280000)
  to   space 4096K, 0% used [0x00000000d7280000,0x00000000d7280000,0x00000000d7680000)
 ParOldGen       total 68608K, used 2605K [0x0000000080000000, 0x0000000084300000, 0x00000000d5580000)
  object space 68608K, 3% used [0x0000000080000000,0x000000008028b720,0x0000000084300000)
 Metaspace       used 15797K, committed 16384K, reserved 1114112K
  class space    used 1635K, committed 1920K, reserved 1048576K
}
Event: 3.593 GC heap after
{Heap after GC invocations=4 (full 0):
 PSYoungGen      total 29696K, used 4085K [0x00000000d5580000, 0x00000000d7680000, 0x0000000100000000)
  eden space 25600K, 0% used [0x00000000d5580000,0x00000000d5580000,0x00000000d6e80000)
  from space 4096K, 99% used [0x00000000d7280000,0x00000000d767d668,0x00000000d7680000)
  to   space 4096K, 0% used [0x00000000d6e80000,0x00000000d6e80000,0x00000000d7280000)
 ParOldGen       total 68608K, used 5833K [0x0000000080000000, 0x0000000084300000, 0x00000000d5580000)
  object space 68608K, 8% used [0x0000000080000000,0x00000000805b2728,0x0000000084300000)
 Metaspace       used 15797K, committed 16384K, reserved 1114112K
  class space    used 1635K, committed 1920K, reserved 1048576K
}
Event: 3.950 GC heap before
{Heap before GC invocations=5 (full 0):
 PSYoungGen      total 29696K, used 29031K [0x00000000d5580000, 0x00000000d7680000, 0x0000000100000000)
  eden space 25600K, 97% used [0x00000000d5580000,0x00000000d6ddc960,0x00000000d6e80000)
  from space 4096K, 99% used [0x00000000d7280000,0x00000000d767d668,0x00000000d7680000)
  to   space 4096K, 0% used [0x00000000d6e80000,0x00000000d6e80000,0x00000000d7280000)
 ParOldGen       total 68608K, used 5833K [0x0000000080000000, 0x0000000084300000, 0x00000000d5580000)
  object space 68608K, 8% used [0x0000000080000000,0x00000000805b2728,0x0000000084300000)
 Metaspace       used 20004K, committed 20672K, reserved 1114112K
  class space    used 1944K, committed 2240K, reserved 1048576K
}
Event: 3.954 GC heap after
{Heap after GC invocations=5 (full 0):
 PSYoungGen      total 29184K, used 4091K [0x00000000d5580000, 0x00000000d7900000, 0x0000000100000000)
  eden space 25088K, 0% used [0x00000000d5580000,0x00000000d5580000,0x00000000d6e00000)
  from space 4096K, 99% used [0x00000000d6e80000,0x00000000d727ef10,0x00000000d7280000)
  to   space 5632K, 0% used [0x00000000d7380000,0x00000000d7380000,0x00000000d7900000)
 ParOldGen       total 68608K, used 6183K [0x0000000080000000, 0x0000000084300000, 0x00000000d5580000)
  object space 68608K, 9% used [0x0000000080000000,0x0000000080609fb8,0x0000000084300000)
 Metaspace       used 20004K, committed 20672K, reserved 1114112K
  class space    used 1944K, committed 2240K, reserved 1048576K
}
Event: 4.271 GC heap before
{Heap before GC invocations=6 (full 0):
 PSYoungGen      total 29184K, used 25069K [0x00000000d5580000, 0x00000000d7900000, 0x0000000100000000)
  eden space 25088K, 83% used [0x00000000d5580000,0x00000000d69fc668,0x00000000d6e00000)
  from space 4096K, 99% used [0x00000000d6e80000,0x00000000d727ef10,0x00000000d7280000)
  to   space 5632K, 0% used [0x00000000d7380000,0x00000000d7380000,0x00000000d7900000)
 ParOldGen       total 68608K, used 6183K [0x0000000080000000, 0x0000000084300000, 0x00000000d5580000)
  object space 68608K, 9% used [0x0000000080000000,0x0000000080609fb8,0x0000000084300000)
 Metaspace       used 20902K, committed 21504K, reserved 1114112K
  class space    used 1997K, committed 2304K, reserved 1048576K
}
Event: 4.276 GC heap after
{Heap after GC invocations=6 (full 0):
 PSYoungGen      total 30208K, used 4910K [0x00000000d5580000, 0x00000000d7880000, 0x0000000100000000)
  eden space 25088K, 0% used [0x00000000d5580000,0x00000000d5580000,0x00000000d6e00000)
  from space 5120K, 95% used [0x00000000d7380000,0x00000000d784baa8,0x00000000d7880000)
  to   space 5120K, 0% used [0x00000000d6e80000,0x00000000d6e80000,0x00000000d7380000)
 ParOldGen       total 68608K, used 7754K [0x0000000080000000, 0x0000000084300000, 0x00000000d5580000)
  object space 68608K, 11% used [0x0000000080000000,0x00000000807929d8,0x0000000084300000)
 Metaspace       used 20902K, committed 21504K, reserved 1114112K
  class space    used 1997K, committed 2304K, reserved 1048576K
}
Event: 4.276 GC heap before
{Heap before GC invocations=7 (full 1):
 PSYoungGen      total 30208K, used 4910K [0x00000000d5580000, 0x00000000d7880000, 0x0000000100000000)
  eden space 25088K, 0% used [0x00000000d5580000,0x00000000d5580000,0x00000000d6e00000)
  from space 5120K, 95% used [0x00000000d7380000,0x00000000d784baa8,0x00000000d7880000)
  to   space 5120K, 0% used [0x00000000d6e80000,0x00000000d6e80000,0x00000000d7380000)
 ParOldGen       total 68608K, used 7754K [0x0000000080000000, 0x0000000084300000, 0x00000000d5580000)
  object space 68608K, 11% used [0x0000000080000000,0x00000000807929d8,0x0000000084300000)
 Metaspace       used 20902K, committed 21504K, reserved 1114112K
  class space    used 1997K, committed 2304K, reserved 1048576K
}
Event: 4.302 GC heap after
{Heap after GC invocations=7 (full 1):
 PSYoungGen      total 30208K, used 0K [0x00000000d5580000, 0x00000000d7880000, 0x0000000100000000)
  eden space 25088K, 0% used [0x00000000d5580000,0x00000000d5580000,0x00000000d6e00000)
  from space 5120K, 0% used [0x00000000d7380000,0x00000000d7380000,0x00000000d7880000)
  to   space 5120K, 0% used [0x00000000d6e80000,0x00000000d6e80000,0x00000000d7380000)
 ParOldGen       total 68608K, used 10306K [0x0000000080000000, 0x0000000084300000, 0x00000000d5580000)
  object space 68608K, 15% used [0x0000000080000000,0x0000000080a10b58,0x0000000084300000)
 Metaspace       used 20889K, committed 21504K, reserved 1114112K
  class space    used 1994K, committed 2304K, reserved 1048576K
}

Dll operation events (9 events):
Event: 0.018 Loaded shared library c:\Users\conno\.cursor\extensions\redhat.java-1.44.0-win32-x64\jre\21.0.8-win32-x86_64\bin\java.dll
Event: 0.117 Loaded shared library c:\Users\conno\.cursor\extensions\redhat.java-1.44.0-win32-x64\jre\21.0.8-win32-x86_64\bin\zip.dll
Event: 0.150 Loaded shared library C:\Users\conno\.cursor\extensions\redhat.java-1.44.0-win32-x64\jre\21.0.8-win32-x86_64\bin\instrument.dll
Event: 0.157 Loaded shared library C:\Users\conno\.cursor\extensions\redhat.java-1.44.0-win32-x64\jre\21.0.8-win32-x86_64\bin\net.dll
Event: 0.161 Loaded shared library C:\Users\conno\.cursor\extensions\redhat.java-1.44.0-win32-x64\jre\21.0.8-win32-x86_64\bin\nio.dll
Event: 0.167 Loaded shared library C:\Users\conno\.cursor\extensions\redhat.java-1.44.0-win32-x64\jre\21.0.8-win32-x86_64\bin\zip.dll
Event: 0.221 Loaded shared library C:\Users\conno\.cursor\extensions\redhat.java-1.44.0-win32-x64\jre\21.0.8-win32-x86_64\bin\jimage.dll
Event: 0.382 Loaded shared library c:\Users\conno\.cursor\extensions\redhat.java-1.44.0-win32-x64\jre\21.0.8-win32-x86_64\bin\verify.dll
Event: 2.327 Loaded shared library C:\Users\conno\AppData\Roaming\Cursor\User\globalStorage\redhat.java\1.44.0\config_ss_win\org.eclipse.equinox.launcher\org.eclipse.equinox.launcher.win32.win32.x86_64_1.2.1400.v20250730-1736\eclipse_11913.dll

Deoptimization events (20 events):
Event: 4.331 Thread 0x000001a68d1792a0 DEOPT PACKING pc=0x000001a6398d4044 sp=0x00000078c55fd860
Event: 4.331 Thread 0x000001a68d1792a0 DEOPT UNPACKING pc=0x000001a6392f3aa2 sp=0x00000078c55fd760 mode 2
Event: 4.506 Thread 0x000001a68d1792a0 DEOPT PACKING pc=0x000001a631ea5d26 sp=0x00000078c55fd420
Event: 4.506 Thread 0x000001a68d1792a0 DEOPT UNPACKING pc=0x000001a6392f4242 sp=0x00000078c55fc918 mode 0
Event: 4.673 Thread 0x000001a68d1792a0 Uncommon trap: trap_request=0xffffff45 fr.pc=0x000001a63986e8e8 relative=0x0000000000000048
Event: 4.673 Thread 0x000001a68d1792a0 Uncommon trap: reason=unstable_if action=reinterpret pc=0x000001a63986e8e8 method=java.lang.StringLatin1.canEncode(I)Z @ 4 c2
Event: 4.673 Thread 0x000001a68d1792a0 DEOPT PACKING pc=0x000001a63986e8e8 sp=0x00000078c55fdcc0
Event: 4.673 Thread 0x000001a68d1792a0 DEOPT UNPACKING pc=0x000001a6392f3aa2 sp=0x00000078c55fdc50 mode 2
Event: 4.673 Thread 0x000001a68d1792a0 Uncommon trap: trap_request=0xffffff45 fr.pc=0x000001a63989920c relative=0x00000000000000ec
Event: 4.673 Thread 0x000001a68d1792a0 Uncommon trap: reason=unstable_if action=reinterpret pc=0x000001a63989920c method=java.lang.String.getBytes([BIB)V @ 5 c2
Event: 4.673 Thread 0x000001a68d1792a0 DEOPT PACKING pc=0x000001a63989920c sp=0x00000078c55fdc40
Event: 4.673 Thread 0x000001a68d1792a0 DEOPT UNPACKING pc=0x000001a6392f3aa2 sp=0x00000078c55fdbe8 mode 2
Event: 4.729 Thread 0x000001a68d1792a0 Uncommon trap: trap_request=0xffffff45 fr.pc=0x000001a639962788 relative=0x0000000000000f08
Event: 4.729 Thread 0x000001a68d1792a0 Uncommon trap: reason=unstable_if action=reinterpret pc=0x000001a639962788 method=java.util.Properties$LineReader.readLine()I @ 256 c2
Event: 4.729 Thread 0x000001a68d1792a0 DEOPT PACKING pc=0x000001a639962788 sp=0x00000078c55fb160
Event: 4.729 Thread 0x000001a68d1792a0 DEOPT UNPACKING pc=0x000001a6392f3aa2 sp=0x00000078c55fb0f8 mode 2
Event: 4.741 Thread 0x000001a68d1792a0 Uncommon trap: trap_request=0xffffff45 fr.pc=0x000001a639874d98 relative=0x0000000000000678
Event: 4.741 Thread 0x000001a68d1792a0 Uncommon trap: reason=unstable_if action=reinterpret pc=0x000001a639874d98 method=java.lang.String.replace(Ljava/lang/CharSequence;Ljava/lang/CharSequence;)Ljava/lang/String; @ 42 c2
Event: 4.741 Thread 0x000001a68d1792a0 DEOPT PACKING pc=0x000001a639874d98 sp=0x00000078c55fb640
Event: 4.741 Thread 0x000001a68d1792a0 DEOPT UNPACKING pc=0x000001a6392f3aa2 sp=0x00000078c55fb5c0 mode 2

Classes loaded (20 events):
Event: 4.642 Loading class com/sun/org/apache/xerces/internal/dom/DeferredAttrImpl
Event: 4.642 Loading class com/sun/org/apache/xerces/internal/dom/DeferredAttrImpl done
Event: 4.643 Loading class com/sun/org/apache/xerces/internal/dom/DeferredTextImpl
Event: 4.643 Loading class com/sun/org/apache/xerces/internal/dom/DeferredTextImpl done
Event: 4.665 Loading class java/lang/StackTraceElement$HashedModules
Event: 4.666 Loading class java/lang/StackTraceElement$HashedModules done
Event: 4.670 Loading class sun/nio/cs/UTF_8$Encoder
Event: 4.670 Loading class sun/nio/cs/UTF_8$Encoder done
Event: 4.672 Loading class java/io/FileOutputStream$1
Event: 4.672 Loading class java/io/FileOutputStream$1 done
Event: 4.723 Loading class java/nio/charset/IllegalCharsetNameException
Event: 4.723 Loading class java/nio/charset/IllegalCharsetNameException done
Event: 4.733 Loading class jdk/internal/logger/LoggerFinderLoader
Event: 4.734 Loading class jdk/internal/logger/LoggerFinderLoader done
Event: 4.734 Loading class jdk/internal/logger/LoggerFinderLoader$TemporaryLoggerFinder
Event: 4.735 Loading class jdk/internal/logger/LoggerFinderLoader$TemporaryLoggerFinder done
Event: 4.736 Loading class sun/util/logging/internal/LoggingProviderImpl$JULWrapper
Event: 4.736 Loading class sun/util/logging/internal/LoggingProviderImpl$JULWrapper done
Event: 4.742 Loading class java/io/File$TempDirectory
Event: 4.742 Loading class java/io/File$TempDirectory done

Classes unloaded (7 events):
Event: 4.279 Thread 0x000001a645604530 Unloading class 0x000001a64718cc00 'java/lang/invoke/LambdaForm$MH+0x000001a64718cc00'
Event: 4.279 Thread 0x000001a645604530 Unloading class 0x000001a64718c800 'java/lang/invoke/LambdaForm$MH+0x000001a64718c800'
Event: 4.279 Thread 0x000001a645604530 Unloading class 0x000001a64718c400 'java/lang/invoke/LambdaForm$MH+0x000001a64718c400'
Event: 4.279 Thread 0x000001a645604530 Unloading class 0x000001a64718c000 'java/lang/invoke/LambdaForm$MH+0x000001a64718c000'
Event: 4.279 Thread 0x000001a645604530 Unloading class 0x000001a64718bc00 'java/lang/invoke/LambdaForm$BMH+0x000001a64718bc00'
Event: 4.279 Thread 0x000001a645604530 Unloading class 0x000001a64718b800 'java/lang/invoke/LambdaForm$DMH+0x000001a64718b800'
Event: 4.279 Thread 0x000001a645604530 Unloading class 0x000001a64718a400 'java/lang/invoke/LambdaForm$DMH+0x000001a64718a400'

Classes redefined (0 events):
No events

Internal exceptions (20 events):
Event: 3.398 Thread 0x000001a68d1792a0 Exception <a 'java/lang/NoSuchMethodError'{0x00000000d5ebb130}: 'java.lang.Object java.lang.invoke.DirectMethodHandle$Holder.newInvokeSpecial(java.lang.Object, java.lang.Object, java.lang.Object, int, java.lang.Object)'> (0x00000000d5ebb130) 
thrown [s\src\hotspot\share\interpreter\linkResolver.cpp, line 773]
Event: 3.398 Thread 0x000001a68d1792a0 Exception <a 'java/lang/NoSuchMethodError'{0x00000000d5ebf0f0}: 'java.lang.Object java.lang.invoke.DirectMethodHandle$Holder.invokeSpecial(java.lang.Object, java.lang.Object, java.lang.Object, java.lang.Object, int, java.lang.Object)'> (0x00000000d5ebf0f0) 
thrown [s\src\hotspot\share\interpreter\linkResolver.cpp, line 773]
Event: 3.399 Thread 0x000001a68d1792a0 Exception <a 'java/lang/NoSuchMethodError'{0x00000000d5ec2c30}: 'java.lang.Object java.lang.invoke.Invokers$Holder.linkToTargetMethod(java.lang.Object, java.lang.Object, int, java.lang.Object, java.lang.Object)'> (0x00000000d5ec2c30) 
thrown [s\src\hotspot\share\interpreter\linkResolver.cpp, line 773]
Event: 3.401 Thread 0x000001a68da78420 Exception <a 'java/lang/NoSuchMethodError'{0x00000000d5e0eb28}: 'java.lang.Object java.lang.invoke.DirectMethodHandle$Holder.invokeSpecial(java.lang.Object, java.lang.Object, int, java.lang.Object, java.lang.Object)'> (0x00000000d5e0eb28) 
thrown [s\src\hotspot\share\interpreter\linkResolver.cpp, line 773]
Event: 3.402 Thread 0x000001a68da78420 Exception <a 'java/lang/NoSuchMethodError'{0x00000000d5e15860}: 'java.lang.Object java.lang.invoke.DirectMethodHandle$Holder.newInvokeSpecial(java.lang.Object, java.lang.Object, int, java.lang.Object)'> (0x00000000d5e15860) 
thrown [s\src\hotspot\share\interpreter\linkResolver.cpp, line 773]
Event: 3.402 Thread 0x000001a68da78420 Exception <a 'java/lang/NoSuchMethodError'{0x00000000d5e19180}: 'java.lang.Object java.lang.invoke.DirectMethodHandle$Holder.invokeSpecial(java.lang.Object, java.lang.Object, java.lang.Object, int, java.lang.Object)'> (0x00000000d5e19180) 
thrown [s\src\hotspot\share\interpreter\linkResolver.cpp, line 773]
Event: 3.424 Thread 0x000001a68d1792a0 Exception <a 'java/lang/NoSuchMethodError'{0x00000000d600cd40}: 'void java.lang.invoke.DirectMethodHandle$Holder.invokeSpecial(java.lang.Object, java.lang.Object, java.lang.Object, java.lang.Object, java.lang.Object)'> (0x00000000d600cd40) 
thrown [s\src\hotspot\share\interpreter\linkResolver.cpp, line 773]
Event: 3.467 Thread 0x000001a68d1792a0 Exception <a 'java/lang/NoSuchMethodError'{0x00000000d61f9618}: 'double java.lang.invoke.DirectMethodHandle$Holder.invokeStatic(java.lang.Object, java.lang.Object)'> (0x00000000d61f9618) 
thrown [s\src\hotspot\share\interpreter\linkResolver.cpp, line 773]
Event: 3.469 Thread 0x000001a68d1792a0 Exception <a 'java/lang/NoSuchMethodError'{0x00000000d61fccd8}: 'double java.lang.invoke.DirectMethodHandle$Holder.invokeStaticInit(java.lang.Object, java.lang.Object)'> (0x00000000d61fccd8) 
thrown [s\src\hotspot\share\interpreter\linkResolver.cpp, line 773]
Event: 3.619 Thread 0x000001a68d1792a0 Exception <a 'java/io/FileNotFoundException'{0x00000000d58bfaf8}> (0x00000000d58bfaf8) 
thrown [s\src\hotspot\share\prims\jni.cpp, line 520]
Event: 3.619 Thread 0x000001a68d1792a0 Exception <a 'java/io/FileNotFoundException'{0x00000000d58c0938}> (0x00000000d58c0938) 
thrown [s\src\hotspot\share\prims\jni.cpp, line 520]
Event: 3.620 Thread 0x000001a68d1792a0 Exception <a 'java/io/FileNotFoundException'{0x00000000d58c1878}> (0x00000000d58c1878) 
thrown [s\src\hotspot\share\prims\jni.cpp, line 520]
Event: 3.850 Thread 0x000001a68d1792a0 Implicit null exception at 0x000001a63993d2f5 to 0x000001a63993d3d0
Event: 4.036 Thread 0x000001a68d1792a0 Exception <a 'java/io/FileNotFoundException'{0x00000000d61276c8}> (0x00000000d61276c8) 
thrown [s\src\hotspot\share\prims\jni.cpp, line 520]
Event: 4.253 Thread 0x000001a68d1792a0 Exception <a 'java/io/FileNotFoundException'{0x00000000d6904348}> (0x00000000d6904348) 
thrown [s\src\hotspot\share\prims\jni.cpp, line 520]
Event: 4.255 Thread 0x000001a68d1792a0 Exception <a 'java/lang/NoSuchMethodError'{0x00000000d690bb00}: 'java.lang.Object java.lang.invoke.DirectMethodHandle$Holder.newInvokeSpecial(java.lang.Object, int, java.lang.Object, java.lang.Object)'> (0x00000000d690bb00) 
thrown [s\src\hotspot\share\interpreter\linkResolver.cpp, line 773]
Event: 4.358 Thread 0x000001a68d1792a0 Exception <a 'java/lang/NoSuchMethodError'{0x00000000d5789610}: 'java.lang.Object java.lang.invoke.DirectMethodHandle$Holder.invokeStaticInit(java.lang.Object, int, int, int, int)'> (0x00000000d5789610) 
thrown [s\src\hotspot\share\interpreter\linkResolver.cpp, line 773]
Event: 4.407 Thread 0x000001a68d1792a0 Exception <a 'java/lang/NoSuchMethodError'{0x00000000d58bbb58}: 'java.lang.Object java.lang.invoke.DirectMethodHandle$Holder.invokeStaticInit(java.lang.Object, java.lang.Object, int, int, int, int)'> (0x00000000d58bbb58) 
thrown [s\src\hotspot\share\interpreter\linkResolver.cpp, line 773]
Event: 4.558 Thread 0x000001a68d1792a0 Exception <a 'java/lang/ClassNotFoundException'{0x00000000d5e909d8}: com/sun/org/apache/xml/internal/serializer/spi/XMLEntitiesProvider> (0x00000000d5e909d8) 
thrown [s\src\hotspot\share\classfile\systemDictionary.cpp, line 312]
Event: 4.687 Thread 0x000001a68d1792a0 Exception <a 'java/io/FileNotFoundException'{0x00000000d6236bb8}> (0x00000000d6236bb8) 
thrown [s\src\hotspot\share\prims\jni.cpp, line 520]

ZGC Phase Switch (0 events):
No events

VM Operations (20 events):
Event: 3.588 Executing VM operation: ParallelGCFailedAllocation (Allocation Failure)
Event: 3.593 Executing VM operation: ParallelGCFailedAllocation (Allocation Failure) done
Event: 3.949 Executing VM operation: ParallelGCFailedAllocation (Allocation Failure)
Event: 3.954 Executing VM operation: ParallelGCFailedAllocation (Allocation Failure) done
Event: 4.185 Executing VM operation: HandshakeAllThreads (Deoptimize)
Event: 4.185 Executing VM operation: HandshakeAllThreads (Deoptimize) done
Event: 4.271 Executing VM operation: CollectForMetadataAllocation (Metadata GC Threshold)
Event: 4.302 Executing VM operation: CollectForMetadataAllocation (Metadata GC Threshold) done
Event: 4.330 Executing VM operation: HandshakeAllThreads (Deoptimize)
Event: 4.330 Executing VM operation: HandshakeAllThreads (Deoptimize) done
Event: 4.427 Executing VM operation: HandshakeAllThreads (Deoptimize)
Event: 4.427 Executing VM operation: HandshakeAllThreads (Deoptimize) done
Event: 4.428 Executing VM operation: HandshakeAllThreads (Deoptimize)
Event: 4.428 Executing VM operation: HandshakeAllThreads (Deoptimize) done
Event: 4.596 Executing VM operation: HandshakeAllThreads (Deoptimize)
Event: 4.596 Executing VM operation: HandshakeAllThreads (Deoptimize) done
Event: 4.643 Executing VM operation: HandshakeAllThreads (Deoptimize)
Event: 4.643 Executing VM operation: HandshakeAllThreads (Deoptimize) done
Event: 5.643 Executing VM operation: Cleanup
Event: 5.644 Executing VM operation: Cleanup done

Memory protections (0 events):
No events

Nmethod flushes (0 events):
No events

Events (20 events):
Event: 0.064 Thread 0x000001a62eb7c8f0 Thread added: 0x000001a64561d770
Event: 0.064 Thread 0x000001a62eb7c8f0 Thread added: 0x000001a688567db0
Event: 0.064 Thread 0x000001a62eb7c8f0 Thread added: 0x000001a688568a00
Event: 0.064 Thread 0x000001a62eb7c8f0 Thread added: 0x000001a68856b460
Event: 0.065 Thread 0x000001a62eb7c8f0 Thread added: 0x000001a68856beb0
Event: 0.065 Thread 0x000001a62eb7c8f0 Thread added: 0x000001a68856ec40
Event: 0.065 Thread 0x000001a62eb7c8f0 Thread added: 0x000001a68857bac0
Event: 0.098 Thread 0x000001a62eb7c8f0 Thread added: 0x000001a62ebe7210
Event: 0.626 Thread 0x000001a62eb7c8f0 Thread added: 0x000001a6888d0870
Event: 1.797 Thread 0x000001a62eb7c8f0 Thread added: 0x000001a68d3430b0
Event: 2.305 Thread 0x000001a62eb7c8f0 Thread added: 0x000001a68d178830
Event: 2.311 Thread 0x000001a62eb7c8f0 Thread added: 0x000001a68d1792a0
Event: 2.393 Thread 0x000001a68d1792a0 Thread added: 0x000001a68d59b980
Event: 2.557 Thread 0x000001a68d1792a0 Thread added: 0x000001a68d570820
Event: 2.978 Thread 0x000001a68d1792a0 Thread added: 0x000001a68d708090
Event: 3.371 Thread 0x000001a68d1792a0 Thread added: 0x000001a68da78420
Event: 3.401 Thread 0x000001a68d1792a0 Thread added: 0x000001a68da86110
Event: 4.086 Thread 0x000001a68857bac0 Thread added: 0x000001a68e270830
Event: 4.223 Thread 0x000001a68d1792a0 Thread added: 0x000001a68ea172a0
Event: 4.341 Thread 0x000001a68ea172a0 Thread exited: 0x000001a68ea172a0


Dynamic libraries:
0x00007ff7f4280000 - 0x00007ff7f428e000 	c:\Users\conno\.cursor\extensions\redhat.java-1.44.0-win32-x64\jre\21.0.8-win32-x86_64\bin\java.exe
0x00007fff9fa20000 - 0x00007fff9fc87000 	C:\WINDOWS\SYSTEM32\ntdll.dll
0x00007fff9f260000 - 0x00007fff9f329000 	C:\WINDOWS\System32\KERNEL32.DLL
0x00007fff9cd70000 - 0x00007fff9d160000 	C:\WINDOWS\System32\KERNELBASE.dll
0x00007fff9d520000 - 0x00007fff9d66b000 	C:\WINDOWS\System32\ucrtbase.dll
0x00007fff80090000 - 0x00007fff800a8000 	c:\Users\conno\.cursor\extensions\redhat.java-1.44.0-win32-x64\jre\21.0.8-win32-x86_64\bin\jli.dll
0x00007fff65fd0000 - 0x00007fff65fee000 	c:\Users\conno\.cursor\extensions\redhat.java-1.44.0-win32-x64\jre\21.0.8-win32-x86_64\bin\VCRUNTIME140.dll
0x00007fff9f090000 - 0x00007fff9f255000 	C:\WINDOWS\System32\USER32.dll
0x00007fff7e020000 - 0x00007fff7e2ba000 	C:\WINDOWS\WinSxS\amd64_microsoft.windows.common-controls_6595b64144ccf1df_6.0.26100.4768_none_3e0c112ce331287c\COMCTL32.dll
0x00007fff9ee30000 - 0x00007fff9eed9000 	C:\WINDOWS\System32\msvcrt.dll
0x00007fff9dd40000 - 0x00007fff9dd6b000 	C:\WINDOWS\System32\GDI32.dll
0x00007fff9d2c0000 - 0x00007fff9d2e7000 	C:\WINDOWS\System32\win32u.dll
0x00007fff9d670000 - 0x00007fff9d7a8000 	C:\WINDOWS\System32\gdi32full.dll
0x00007fff9d2f0000 - 0x00007fff9d393000 	C:\WINDOWS\System32\msvcp_win.dll
0x00007fff9f680000 - 0x00007fff9f6af000 	C:\WINDOWS\System32\IMM32.DLL
0x00007fff8cc50000 - 0x00007fff8cc5c000 	c:\Users\conno\.cursor\extensions\redhat.java-1.44.0-win32-x64\jre\21.0.8-win32-x86_64\bin\vcruntime140_1.dll
0x00007fff643a0000 - 0x00007fff6442d000 	c:\Users\conno\.cursor\extensions\redhat.java-1.44.0-win32-x64\jre\21.0.8-win32-x86_64\bin\msvcp140.dll
0x00007fff44950000 - 0x00007fff456e7000 	c:\Users\conno\.cursor\extensions\redhat.java-1.44.0-win32-x64\jre\21.0.8-win32-x86_64\bin\server\jvm.dll
0x00007fff9f530000 - 0x00007fff9f5e4000 	C:\WINDOWS\System32\ADVAPI32.dll
0x00007fff9f6d0000 - 0x00007fff9f776000 	C:\WINDOWS\System32\sechost.dll
0x00007fff9ea80000 - 0x00007fff9eb98000 	C:\WINDOWS\System32\RPCRT4.dll
0x00007fff9ed10000 - 0x00007fff9ed84000 	C:\WINDOWS\System32\WS2_32.dll
0x00007fff9c9b0000 - 0x00007fff9ca0e000 	C:\WINDOWS\SYSTEM32\POWRPROF.dll
0x00007fff83ad0000 - 0x00007fff83b05000 	C:\WINDOWS\SYSTEM32\WINMM.dll
0x00007fff93a40000 - 0x00007fff93a4b000 	C:\WINDOWS\SYSTEM32\VERSION.dll
0x00007fff9c990000 - 0x00007fff9c9a4000 	C:\WINDOWS\SYSTEM32\UMPDC.dll
0x00007fff9b8a0000 - 0x00007fff9b8bb000 	C:\WINDOWS\SYSTEM32\kernel.appcore.dll
0x00007fff8b6e0000 - 0x00007fff8b6ea000 	c:\Users\conno\.cursor\extensions\redhat.java-1.44.0-win32-x64\jre\21.0.8-win32-x86_64\bin\jimage.dll
0x00007fff9a0f0000 - 0x00007fff9a331000 	C:\WINDOWS\SYSTEM32\DBGHELP.DLL
0x00007fff9dd70000 - 0x00007fff9e0f5000 	C:\WINDOWS\System32\combase.dll
0x00007fff9e910000 - 0x00007fff9e9f0000 	C:\WINDOWS\System32\OLEAUT32.dll
0x00007fff7cfc0000 - 0x00007fff7d003000 	C:\WINDOWS\SYSTEM32\dbgcore.DLL
0x00007fff9ccd0000 - 0x00007fff9cd69000 	C:\WINDOWS\System32\bcryptPrimitives.dll
0x00007fff8b3f0000 - 0x00007fff8b3ff000 	c:\Users\conno\.cursor\extensions\redhat.java-1.44.0-win32-x64\jre\21.0.8-win32-x86_64\bin\instrument.dll
0x00007fff65e40000 - 0x00007fff65e5f000 	c:\Users\conno\.cursor\extensions\redhat.java-1.44.0-win32-x64\jre\21.0.8-win32-x86_64\bin\java.dll
0x00007fff9e1c0000 - 0x00007fff9e90d000 	C:\WINDOWS\System32\SHELL32.dll
0x00007fff9cb50000 - 0x00007fff9ccc3000 	C:\WINDOWS\System32\wintypes.dll
0x00007fff9a6f0000 - 0x00007fff9af50000 	C:\WINDOWS\SYSTEM32\windows.storage.dll
0x00007fff9d7b0000 - 0x00007fff9d8a5000 	C:\WINDOWS\System32\SHCORE.dll
0x00007fff9eee0000 - 0x00007fff9ef4a000 	C:\WINDOWS\System32\shlwapi.dll
0x00007fff9ca70000 - 0x00007fff9ca99000 	C:\WINDOWS\SYSTEM32\profapi.dll
0x00007fff65630000 - 0x00007fff65648000 	c:\Users\conno\.cursor\extensions\redhat.java-1.44.0-win32-x64\jre\21.0.8-win32-x86_64\bin\zip.dll
0x00007fff89b50000 - 0x00007fff89b60000 	C:\Users\conno\.cursor\extensions\redhat.java-1.44.0-win32-x64\jre\21.0.8-win32-x86_64\bin\net.dll
0x00007fff95ce0000 - 0x00007fff95dfe000 	C:\WINDOWS\SYSTEM32\WINHTTP.dll
0x00007fff9be60000 - 0x00007fff9becb000 	C:\WINDOWS\system32\mswsock.dll
0x00007fff65610000 - 0x00007fff65626000 	C:\Users\conno\.cursor\extensions\redhat.java-1.44.0-win32-x64\jre\21.0.8-win32-x86_64\bin\nio.dll
0x00007fff7fa00000 - 0x00007fff7fa10000 	c:\Users\conno\.cursor\extensions\redhat.java-1.44.0-win32-x64\jre\21.0.8-win32-x86_64\bin\verify.dll
0x00007fff65030000 - 0x00007fff65075000 	C:\Users\conno\AppData\Roaming\Cursor\User\globalStorage\redhat.java\1.44.0\config_ss_win\org.eclipse.equinox.launcher\org.eclipse.equinox.launcher.win32.win32.x86_64_1.2.1400.v20250730-1736\eclipse_11913.dll
0x00007fff9f330000 - 0x00007fff9f4d0000 	C:\WINDOWS\System32\ole32.dll
0x00007fff9c130000 - 0x00007fff9c14b000 	C:\WINDOWS\SYSTEM32\CRYPTSP.dll
0x00007fff9b800000 - 0x00007fff9b83b000 	C:\WINDOWS\system32\rsaenh.dll
0x00007fff9bf00000 - 0x00007fff9bf2b000 	C:\WINDOWS\SYSTEM32\USERENV.dll
0x00007fff9ca40000 - 0x00007fff9ca66000 	C:\WINDOWS\SYSTEM32\bcrypt.dll
0x00007fff9c120000 - 0x00007fff9c12c000 	C:\WINDOWS\SYSTEM32\CRYPTBASE.dll
0x00007fff9b290000 - 0x00007fff9b2c3000 	C:\WINDOWS\SYSTEM32\IPHLPAPI.DLL
0x00007fff9f050000 - 0x00007fff9f05a000 	C:\WINDOWS\System32\NSI.dll
0x00007fff641c0000 - 0x00007fff64209000 	C:\Users\conno\AppData\Local\Temp\jna-94844611\jna659708404219710930.dll
0x00007fff9f6c0000 - 0x00007fff9f6c8000 	C:\WINDOWS\System32\PSAPI.DLL

JVMTI agents:
c:\Users\conno\.cursor\extensions\redhat.java-1.44.0-win32-x64\lombok\lombok-1.18.39-4050.jar path:c:\Users\conno\.cursor\extensions\redhat.java-1.44.0-win32-x64\jre\21.0.8-win32-x86_64\bin\instrument.dll, loaded, initialized, instrumentlib options:none

dbghelp: loaded successfully - version: 4.0.5 - missing functions: none
symbol engine: initialized successfully - sym options: 0x614 - pdb path: .;c:\Users\conno\.cursor\extensions\redhat.java-1.44.0-win32-x64\jre\21.0.8-win32-x86_64\bin;C:\WINDOWS\SYSTEM32;C:\WINDOWS\WinSxS\amd64_microsoft.windows.common-controls_6595b64144ccf1df_6.0.26100.4768_none_3e0c112ce331287c;c:\Users\conno\.cursor\extensions\redhat.java-1.44.0-win32-x64\jre\21.0.8-win32-x86_64\bin\server;C:\Users\conno\AppData\Roaming\Cursor\User\globalStorage\redhat.java\1.44.0\config_ss_win\org.eclipse.equinox.launcher\org.eclipse.equinox.launcher.win32.win32.x86_64_1.2.1400.v20250730-1736;C:\Users\conno\AppData\Local\Temp\jna-94844611

VM Arguments:
jvm_args: --add-modules=ALL-SYSTEM --add-opens=java.base/java.util=ALL-UNNAMED --add-opens=java.base/java.lang=ALL-UNNAMED --add-opens=java.base/sun.nio.fs=ALL-UNNAMED -Declipse.application=org.eclipse.jdt.ls.core.id1 -Dosgi.bundles.defaultStartLevel=4 -Declipse.product=org.eclipse.jdt.ls.core.product -Djava.import.generatesMetadataFilesAtProjectRoot=false -DDetectVMInstallationsJob.disabled=true -Dfile.encoding=utf8 -XX:+UseParallelGC -XX:GCTimeRatio=4 -XX:AdaptiveSizePolicyWeight=90 -Dsun.zip.disableMemoryMapping=true -Xmx2G -Xms100m -Xlog:disable -javaagent:c:\Users\conno\.cursor\extensions\redhat.java-1.44.0-win32-x64\lombok\lombok-1.18.39-4050.jar 
java_command: c:\Users\conno\.cursor\extensions\redhat.java-1.44.0-win32-x64\server\plugins\org.eclipse.equinox.launcher_1.7.0.v20250519-0528.jar -configuration c:\Users\conno\AppData\Roaming\Cursor\User\globalStorage\redhat.java\1.44.0\config_ss_win -data c:\Users\conno\AppData\Roaming\Cursor\User\workspaceStorage\18dfb54ba2d38ec45be64e8ad51b5963\redhat.java\ss_ws --pipe=\\.\pipe\lsp-68a09c74a5e2186c26a3dfaf613561e3-sock
java_class_path (initial): c:\Users\conno\.cursor\extensions\redhat.java-1.44.0-win32-x64\server\plugins\org.eclipse.equinox.launcher_1.7.0.v20250519-0528.jar
Launcher Type: SUN_STANDARD

[Global flags]
    uintx AdaptiveSizePolicyWeight                 = 90                                        {product} {command line}
     intx CICompilerCount                          = 4                                         {product} {ergonomic}
    uintx GCTimeRatio                              = 4                                         {product} {command line}
   size_t InitialHeapSize                          = 104857600                                 {product} {command line}
   size_t MaxHeapSize                              = 2147483648                                {product} {command line}
   size_t MaxNewSize                               = 715653120                                 {product} {ergonomic}
   size_t MinHeapDeltaBytes                        = 524288                                    {product} {ergonomic}
   size_t MinHeapSize                              = 104857600                                 {product} {command line}
   size_t NewSize                                  = 34603008                                  {product} {ergonomic}
    uintx NonNMethodCodeHeapSize                   = 5839372                                {pd product} {ergonomic}
    uintx NonProfiledCodeHeapSize                  = 122909434                              {pd product} {ergonomic}
   size_t OldSize                                  = 70254592                                  {product} {ergonomic}
    uintx ProfiledCodeHeapSize                     = 122909434                              {pd product} {ergonomic}
    uintx ReservedCodeCacheSize                    = 251658240                              {pd product} {ergonomic}
     bool SegmentedCodeCache                       = true                                      {product} {ergonomic}
   size_t SoftMaxHeapSize                          = 2147483648                             {manageable} {ergonomic}
     bool UseCompressedOops                        = true                           {product lp64_product} {ergonomic}
     bool UseLargePagesIndividualAllocation        = false                                  {pd product} {ergonomic}
     bool UseParallelGC                            = true                                      {product} {command line}

Logging:
Log output configuration:
 #0: stdout all=off uptime,level,tags foldmultilines=false
 #1: stderr all=off uptime,level,tags foldmultilines=false

Environment Variables:
PATH=C:\Python313\Scripts\;C:\Python313\;C:\Program Files\Eclipse Adoptium\jdk-21.0.0.35-hotspot\bin;C:\Windows\system32;C:\Windows;C:\Windows\System32\Wbem;C:\Windows\System32\WindowsPowerShell\v1.0\;C:\Windows\System32\OpenSSH\;C:\Program Files\NVIDIA Corporation\NVIDIA NvDLISR;C:\Program Files (x86)\NVIDIA Corporation\PhysX\Common;C:\WINDOWS\system32;C:\WINDOWS;C:\WINDOWS\System32\Wbem;C:\WINDOWS\System32\WindowsPowerShell\v1.0\;C:\WINDOWS\System32\OpenSSH\;C:\Program Files (x86)\sqlite3;C:\Program Files\PostgreSQL\17\bin;C:\Program Files\Git\cmd;C:\Program Files\;C:\ProgramData\chocolatey\bin;C:\Users\conno\AppData\Local\Programs\Python\Launcher\;C:\Users\conno\AppData\Local\Microsoft\WindowsApps;C:\Users\conno\AppData\Local\atom\bin;C:\Users\conno\AppData\Local\Programs\Microsoft VS Code\bin;C:\Users\conno\AppData\Local\JetBrains\IntelliJ IDEA 2024.2.2\bin;;C:\Program Files\JetBrains\IntelliJ IDEA Community Edition 2024.2.2\bin;;C:\Users\conno\AppData\Local\Microsoft\WindowsApps;C:\Users\conno\AppData\Roaming\npm;C:\Users\conno\AppData\Local\Programs\cursor\resources\app\bin
USERNAME=conno
OS=Windows_NT
PROCESSOR_IDENTIFIER=AMD64 Family 25 Model 68 Stepping 1, AuthenticAMD
TMP=C:\Users\conno\AppData\Local\Temp
TEMP=C:\Users\conno\AppData\Local\Temp




Periodic native trim disabled

---------------  S Y S T E M  ---------------

OS:
 Windows 11 , 64 bit Build 26100 (10.0.26100.4768)
OS uptime: 1 days 10:17 hours
Hyper-V role detected

CPU: total 12 (initial active 12) (12 cores per cpu, 2 threads per core) family 25 model 68 stepping 1 microcode 0xa404101, cx8, cmov, fxsr, ht, mmx, 3dnowpref, sse, sse2, sse3, ssse3, sse4a, sse4.1, sse4.2, popcnt, lzcnt, tsc, tscinvbit, avx, avx2, aes, clmul, bmi1, bmi2, adx, sha, fma, vzeroupper, clflush, clflushopt, hv, rdtscp, rdpid, f16c, cet_ss
Processor Information for the first 12 processors :
  Max Mhz: 3301, Current Mhz: 3301, Mhz Limit: 3301

Memory: 4k page, system-wide physical 7365M (348M free)
TotalPageFile size 29893M (AvailPageFile size 181M)
current process WorkingSet (physical memory assigned to process): 150M, peak: 160M
current process commit charge ("private bytes"): 292M, peak: 300M

vm_info: OpenJDK 64-Bit Server VM (21.0.8+9-LTS) for windows-amd64 JRE (21.0.8+9-LTS), built on 2025-07-15T00:00:00Z by "admin" with MS VC++ 17.7 (VS2022)

END.
